This is pdfTeX, Version 3.141592653-2.6-1.40.25 (TeX Live 2023) (preloaded format=pdflatex 2023.12.13)  7 OCT 2025 08:51
entering extended mode
 restricted \write18 enabled.
 file:line:error style messages enabled.
 %&-line parsing enabled.
**/Users/ohouck/vc/ai_weather_ag/reports/plot_dump.tex
(/Users/ohouck/vc/ai_weather_ag/reports/plot_dump.tex
LaTeX2e <2022-11-01> patch level 1
L3 programming layer <2023-02-22> (/usr/local/texlive/2023/texmf-dist/tex/latex/base/article.cls
Document Class: article 2022/07/02 v1.4n Standard LaTeX document class
(/usr/local/texlive/2023/texmf-dist/tex/latex/base/size11.clo
File: size11.clo 2022/07/02 v1.4n Standard LaTeX file (size option)
)
\c@part=\count185
\c@section=\count186
\c@subsection=\count187
\c@subsubsection=\count188
\c@paragraph=\count189
\c@subparagraph=\count190
\c@figure=\count191
\c@table=\count192
\abovecaptionskip=\skip48
\belowcaptionskip=\skip49
\bibindent=\dimen140
) (/usr/local/texlive/2023/texmf-dist/tex/latex/geometry/geometry.sty
Package: geometry 2020/01/02 v5.9 Page Geometry
 (/usr/local/texlive/2023/texmf-dist/tex/latex/graphics/keyval.sty
Package: keyval 2022/05/29 v1.15 key=value parser (DPC)
\KV@toks@=\toks16
) (/usr/local/texlive/2023/texmf-dist/tex/generic/iftex/ifvtex.sty
Package: ifvtex 2019/10/25 v1.7 ifvtex legacy package. Use iftex instead.
 (/usr/local/texlive/2023/texmf-dist/tex/generic/iftex/iftex.sty
Package: iftex 2022/02/03 v1.0f TeX engine tests
))
\Gm@cnth=\count193
\Gm@cntv=\count194
\c@Gm@tempcnt=\count195
\Gm@bindingoffset=\dimen141
\Gm@wd@mp=\dimen142
\Gm@odd@mp=\dimen143
\Gm@even@mp=\dimen144
\Gm@layoutwidth=\dimen145
\Gm@layoutheight=\dimen146
\Gm@layouthoffset=\dimen147
\Gm@layoutvoffset=\dimen148
\Gm@dimlist=\toks17
) (/usr/local/texlive/2023/texmf-dist/tex/latex/graphics/graphicx.sty
Package: graphicx 2021/09/16 v1.2d Enhanced LaTeX Graphics (DPC,SPQR)
 (/usr/local/texlive/2023/texmf-dist/tex/latex/graphics/graphics.sty
Package: graphics 2022/03/10 v1.4e Standard LaTeX Graphics (DPC,SPQR)
 (/usr/local/texlive/2023/texmf-dist/tex/latex/graphics/trig.sty
Package: trig 2021/08/11 v1.11 sin cos tan (DPC)
) (/usr/local/texlive/2023/texmf-dist/tex/latex/graphics-cfg/graphics.cfg
File: graphics.cfg 2016/06/04 v1.11 sample graphics configuration
)
Package graphics Info: Driver file: pdftex.def on input line 107.
 (/usr/local/texlive/2023/texmf-dist/tex/latex/graphics-def/pdftex.def
File: pdftex.def 2022/09/22 v1.2b Graphics/color driver for pdftex
))
\Gin@req@height=\dimen149
\Gin@req@width=\dimen150
) (/usr/local/texlive/2023/texmf-dist/tex/latex/caption/subcaption.sty
Package: subcaption 2023/02/19 v1.6 Sub-captions (AR)
 (/usr/local/texlive/2023/texmf-dist/tex/latex/caption/caption.sty
Package: caption 2023/03/12 v3.6j Customizing captions (AR)
 (/usr/local/texlive/2023/texmf-dist/tex/latex/caption/caption3.sty
Package: caption3 2023/03/12 v2.4 caption3 kernel (AR)
\caption@tempdima=\dimen151
\captionmargin=\dimen152
\caption@leftmargin=\dimen153
\caption@rightmargin=\dimen154
\caption@width=\dimen155
\caption@indent=\dimen156
\caption@parindent=\dimen157
\caption@hangindent=\dimen158
Package caption Info: Standard document class detected.
)
\c@caption@flags=\count196
\c@continuedfloat=\count197
)
Package caption Info: New subtype `subfigure' on input line 239.
\c@subfigure=\count198
Package caption Info: New subtype `subtable' on input line 239.
\c@subtable=\count199
) (/usr/local/texlive/2023/texmf-dist/tex/latex/hyperref/hyperref.sty
Package: hyperref 2023-02-07 v7.00v Hypertext links for LaTeX
 (/usr/local/texlive/2023/texmf-dist/tex/generic/ltxcmds/ltxcmds.sty
Package: ltxcmds 2020-05-10 v1.25 LaTeX kernel commands for general use (HO)
) (/usr/local/texlive/2023/texmf-dist/tex/generic/pdftexcmds/pdftexcmds.sty
Package: pdftexcmds 2020-06-27 v0.33 Utility functions of pdfTeX for LuaTeX (HO)
 (/usr/local/texlive/2023/texmf-dist/tex/generic/infwarerr/infwarerr.sty
Package: infwarerr 2019/12/03 v1.5 Providing info/warning/error messages (HO)
)
Package pdftexcmds Info: \pdf@primitive is available.
Package pdftexcmds Info: \pdf@ifprimitive is available.
Package pdftexcmds Info: \pdfdraftmode found.
) (/usr/local/texlive/2023/texmf-dist/tex/latex/kvsetkeys/kvsetkeys.sty
Package: kvsetkeys 2022-10-05 v1.19 Key value parser (HO)
) (/usr/local/texlive/2023/texmf-dist/tex/generic/kvdefinekeys/kvdefinekeys.sty
Package: kvdefinekeys 2019-12-19 v1.6 Define keys (HO)
) (/usr/local/texlive/2023/texmf-dist/tex/generic/pdfescape/pdfescape.sty
Package: pdfescape 2019/12/09 v1.15 Implements pdfTeX's escape features (HO)
) (/usr/local/texlive/2023/texmf-dist/tex/latex/hycolor/hycolor.sty
Package: hycolor 2020-01-27 v1.10 Color options for hyperref/bookmark (HO)
) (/usr/local/texlive/2023/texmf-dist/tex/latex/letltxmacro/letltxmacro.sty
Package: letltxmacro 2019/12/03 v1.6 Let assignment for LaTeX macros (HO)
) (/usr/local/texlive/2023/texmf-dist/tex/latex/auxhook/auxhook.sty
Package: auxhook 2019-12-17 v1.6 Hooks for auxiliary files (HO)
) (/usr/local/texlive/2023/texmf-dist/tex/latex/hyperref/nameref.sty
Package: nameref 2022-05-17 v2.50 Cross-referencing by name of section
 (/usr/local/texlive/2023/texmf-dist/tex/latex/refcount/refcount.sty
Package: refcount 2019/12/15 v3.6 Data extraction from label references (HO)
) (/usr/local/texlive/2023/texmf-dist/tex/generic/gettitlestring/gettitlestring.sty
Package: gettitlestring 2019/12/15 v1.6 Cleanup title references (HO)
 (/usr/local/texlive/2023/texmf-dist/tex/latex/kvoptions/kvoptions.sty
Package: kvoptions 2022-06-15 v3.15 Key value format for package options (HO)
))
\c@section@level=\count266
)
\@linkdim=\dimen159
\Hy@linkcounter=\count267
\Hy@pagecounter=\count268
 (/usr/local/texlive/2023/texmf-dist/tex/latex/hyperref/pd1enc.def
File: pd1enc.def 2023-02-07 v7.00v Hyperref: PDFDocEncoding definition (HO)
Now handling font encoding PD1 ...
... no UTF-8 mapping file for font encoding PD1
) (/usr/local/texlive/2023/texmf-dist/tex/generic/intcalc/intcalc.sty
Package: intcalc 2019/12/15 v1.3 Expandable calculations with integers (HO)
) (/usr/local/texlive/2023/texmf-dist/tex/generic/etexcmds/etexcmds.sty
Package: etexcmds 2019/12/15 v1.7 Avoid name clashes with e-TeX commands (HO)
)
\Hy@SavedSpaceFactor=\count269
 (/usr/local/texlive/2023/texmf-dist/tex/latex/hyperref/puenc.def
File: puenc.def 2023-02-07 v7.00v Hyperref: PDF Unicode definition (HO)
Now handling font encoding PU ...
... no UTF-8 mapping file for font encoding PU
)
Package hyperref Info: Hyper figures OFF on input line 4177.
Package hyperref Info: Link nesting OFF on input line 4182.
Package hyperref Info: Hyper index ON on input line 4185.
Package hyperref Info: Plain pages OFF on input line 4192.
Package hyperref Info: Backreferencing OFF on input line 4197.
Package hyperref Info: Implicit mode ON; LaTeX internals redefined.
Package hyperref Info: Bookmarks ON on input line 4425.
\c@Hy@tempcnt=\count270
 (/usr/local/texlive/2023/texmf-dist/tex/latex/url/url.sty
\Urlmuskip=\muskip16
Package: url 2013/09/16  ver 3.4  Verb mode for urls, etc.
)
LaTeX Info: Redefining \url on input line 4763.
\XeTeXLinkMargin=\dimen160
 (/usr/local/texlive/2023/texmf-dist/tex/generic/bitset/bitset.sty
Package: bitset 2019/12/09 v1.3 Handle bit-vector datatype (HO)
 (/usr/local/texlive/2023/texmf-dist/tex/generic/bigintcalc/bigintcalc.sty
Package: bigintcalc 2019/12/15 v1.5 Expandable calculations on big integers (HO)
))
\Fld@menulength=\count271
\Field@Width=\dimen161
\Fld@charsize=\dimen162
Package hyperref Info: Hyper figures OFF on input line 6042.
Package hyperref Info: Link nesting OFF on input line 6047.
Package hyperref Info: Hyper index ON on input line 6050.
Package hyperref Info: backreferencing OFF on input line 6057.
Package hyperref Info: Link coloring OFF on input line 6062.
Package hyperref Info: Link coloring with OCG OFF on input line 6067.
Package hyperref Info: PDF/A mode OFF on input line 6072.
 (/usr/local/texlive/2023/texmf-dist/tex/latex/base/atbegshi-ltx.sty
Package: atbegshi-ltx 2021/01/10 v1.0c Emulation of the original atbegshi
package with kernel methods
)
\Hy@abspage=\count272
\c@Item=\count273
\c@Hfootnote=\count274
)
Package hyperref Info: Driver (autodetected): hpdftex.
 (/usr/local/texlive/2023/texmf-dist/tex/latex/hyperref/hpdftex.def
File: hpdftex.def 2023-02-07 v7.00v Hyperref driver for pdfTeX
 (/usr/local/texlive/2023/texmf-dist/tex/latex/base/atveryend-ltx.sty
Package: atveryend-ltx 2020/08/19 v1.0a Emulation of the original atveryend package
with kernel methods
)
\Fld@listcount=\count275
\c@bookmark@seq@number=\count276
 (/usr/local/texlive/2023/texmf-dist/tex/latex/rerunfilecheck/rerunfilecheck.sty
Package: rerunfilecheck 2022-07-10 v1.10 Rerun checks for auxiliary files (HO)
 (/usr/local/texlive/2023/texmf-dist/tex/generic/uniquecounter/uniquecounter.sty
Package: uniquecounter 2019/12/15 v1.4 Provide unlimited unique counter (HO)
)
Package uniquecounter Info: New unique counter `rerunfilecheck' on input line 285.
)
\Hy@SectionHShift=\skip50
)
Package hyperref Info: Option `colorlinks' set `true' on input line 9.
 (/usr/local/texlive/2023/texmf-dist/tex/latex/l3backend/l3backend-pdftex.def
File: l3backend-pdftex.def 2023-01-16 L3 backend support: PDF output (pdfTeX)
\l__color_backend_stack_int=\count277
\l__pdf_internal_box=\box51
) (./plot_dump.aux)
\openout1 = `plot_dump.aux'.

LaTeX Font Info:    Checking defaults for OML/cmm/m/it on input line 12.
LaTeX Font Info:    ... okay on input line 12.
LaTeX Font Info:    Checking defaults for OMS/cmsy/m/n on input line 12.
LaTeX Font Info:    ... okay on input line 12.
LaTeX Font Info:    Checking defaults for OT1/cmr/m/n on input line 12.
LaTeX Font Info:    ... okay on input line 12.
LaTeX Font Info:    Checking defaults for T1/cmr/m/n on input line 12.
LaTeX Font Info:    ... okay on input line 12.
LaTeX Font Info:    Checking defaults for TS1/cmr/m/n on input line 12.
LaTeX Font Info:    ... okay on input line 12.
LaTeX Font Info:    Checking defaults for OMX/cmex/m/n on input line 12.
LaTeX Font Info:    ... okay on input line 12.
LaTeX Font Info:    Checking defaults for U/cmr/m/n on input line 12.
LaTeX Font Info:    ... okay on input line 12.
LaTeX Font Info:    Checking defaults for PD1/pdf/m/n on input line 12.
LaTeX Font Info:    ... okay on input line 12.
LaTeX Font Info:    Checking defaults for PU/pdf/m/n on input line 12.
LaTeX Font Info:    ... okay on input line 12.

*geometry* driver: auto-detecting
*geometry* detected driver: pdftex
*geometry* verbose mode - [ preamble ] result:
* driver: pdftex
* paper: letterpaper
* layout: <same size as paper>
* layoutoffset:(h,v)=(0.0pt,0.0pt)
* modes: 
* h-part:(L,W,R)=(72.26999pt, 469.75502pt, 72.26999pt)
* v-part:(T,H,B)=(72.26999pt, 650.43001pt, 72.26999pt)
* \paperwidth=614.295pt
* \paperheight=794.96999pt
* \textwidth=469.75502pt
* \textheight=650.43001pt
* \oddsidemargin=0.0pt
* \evensidemargin=0.0pt
* \topmargin=-37.0pt
* \headheight=12.0pt
* \headsep=25.0pt
* \topskip=11.0pt
* \footskip=30.0pt
* \marginparwidth=59.0pt
* \marginparsep=10.0pt
* \columnsep=10.0pt
* \skip\footins=10.0pt plus 4.0pt minus 2.0pt
* \hoffset=0.0pt
* \voffset=0.0pt
* \mag=1000
* \@twocolumnfalse
* \@twosidefalse
* \@mparswitchfalse
* \@reversemarginfalse
* (1in=72.27pt=25.4mm, 1cm=28.453pt)

(/usr/local/texlive/2023/texmf-dist/tex/context/base/mkii/supp-pdf.mkii
[Loading MPS to PDF converter (version 2006.09.02).]
\scratchcounter=\count278
\scratchdimen=\dimen163
\scratchbox=\box52
\nofMPsegments=\count279
\nofMParguments=\count280
\everyMPshowfont=\toks18
\MPscratchCnt=\count281
\MPscratchDim=\dimen164
\MPnumerator=\count282
\makeMPintoPDFobject=\count283
\everyMPtoPDFconversion=\toks19
) (/usr/local/texlive/2023/texmf-dist/tex/latex/epstopdf-pkg/epstopdf-base.sty
Package: epstopdf-base 2020-01-24 v2.11 Base part for package epstopdf
Package epstopdf-base Info: Redefining graphics rule for `.eps' on input line 485.
 (/usr/local/texlive/2023/texmf-dist/tex/latex/latexconfig/epstopdf-sys.cfg
File: epstopdf-sys.cfg 2010/07/13 v1.3 Configuration of (r)epstopdf for TeX Live
))
Package caption Info: Begin \AtBeginDocument code.
Package caption Info: hyperref package is loaded.
Package caption Info: End \AtBeginDocument code.
 (/usr/local/texlive/2023/texmf-dist/tex/latex/graphics/color.sty
Package: color 2022/01/06 v1.3d Standard LaTeX Color (DPC)
 (/usr/local/texlive/2023/texmf-dist/tex/latex/graphics-cfg/color.cfg
File: color.cfg 2016/01/02 v1.6 sample color configuration
)
Package color Info: Driver file: pdftex.def on input line 149.
 (/usr/local/texlive/2023/texmf-dist/tex/latex/graphics/mathcolor.ltx))
Package hyperref Info: Link coloring ON on input line 12.
\@outlinefile=\write3
\openout3 = `plot_dump.out'.

</Users/ohouck/globus/forecast_data/figures/pangu/lead_time/multi_region/6x6/leadtime_rmse_improvement_2m_temperature_trainedwith_2m_temperature_geographic_pangu_mlp.png, id=4, 1017.8025pt x 571.1739pt>
File: /Users/ohouck/globus/forecast_data/figures/pangu/lead_time/multi_region/6x6/leadtime_rmse_improvement_2m_temperature_trainedwith_2m_temperature_geographic_pangu_mlp.png Graphic file (type png)
<use /Users/ohouck/globus/forecast_data/figures/pangu/lead_time/multi_region/6x6/leadtime_rmse_improvement_2m_temperature_trainedwith_2m_temperature_geographic_pangu_mlp.png>
Package pdftex.def Info: /Users/ohouck/globus/forecast_data/figures/pangu/lead_time/multi_region/6x6/leadtime_rmse_improvement_2m_temperature_trainedwith_2m_temperature_geographic_pangu_mlp.png  used on input line 21.
(pdftex.def)             Requested size: 225.4804pt x 126.53018pt.
</Users/ohouck/globus/forecast_data/figures/pangu/lead_time/multi_region/6x6/leadtime_rmse_improvement_10m_wind_speed_trainedwith_10m_wind_speed_geographic_pangu_mlp.png, id=6, 1017.8025pt x 571.1739pt>
File: /Users/ohouck/globus/forecast_data/figures/pangu/lead_time/multi_region/6x6/leadtime_rmse_improvement_10m_wind_speed_trainedwith_10m_wind_speed_geographic_pangu_mlp.png Graphic file (type png)
<use /Users/ohouck/globus/forecast_data/figures/pangu/lead_time/multi_region/6x6/leadtime_rmse_improvement_10m_wind_speed_trainedwith_10m_wind_speed_geographic_pangu_mlp.png>
Package pdftex.def Info: /Users/ohouck/globus/forecast_data/figures/pangu/lead_time/multi_region/6x6/leadtime_rmse_improvement_10m_wind_speed_trainedwith_10m_wind_speed_geographic_pangu_mlp.png  used on input line 28.
(pdftex.def)             Requested size: 225.4804pt x 126.53018pt.
</Users/ohouck/globus/forecast_data/figures/pangu/lead_time/multi_region/6x6/leadtime_rmse_improvement_2m_temperature_trainedwith_2m_temperature_geographic_pangu_unet.png, id=7, 1017.8025pt x 571.1739pt>
File: /Users/ohouck/globus/forecast_data/figures/pangu/lead_time/multi_region/6x6/leadtime_rmse_improvement_2m_temperature_trainedwith_2m_temperature_geographic_pangu_unet.png Graphic file (type png)
<use /Users/ohouck/globus/forecast_data/figures/pangu/lead_time/multi_region/6x6/leadtime_rmse_improvement_2m_temperature_trainedwith_2m_temperature_geographic_pangu_unet.png>
Package pdftex.def Info: /Users/ohouck/globus/forecast_data/figures/pangu/lead_time/multi_region/6x6/leadtime_rmse_improvement_2m_temperature_trainedwith_2m_temperature_geographic_pangu_unet.png  used on input line 40.
(pdftex.def)             Requested size: 225.4804pt x 126.53018pt.
</Users/ohouck/globus/forecast_data/figures/pangu/lead_time/multi_region/6x6/leadtime_rmse_improvement_10m_wind_speed_trainedwith_10m_wind_speed_geographic_pangu_unet.png, id=8, 1017.8025pt x 571.1739pt>
File: /Users/ohouck/globus/forecast_data/figures/pangu/lead_time/multi_region/6x6/leadtime_rmse_improvement_10m_wind_speed_trainedwith_10m_wind_speed_geographic_pangu_unet.png Graphic file (type png)
<use /Users/ohouck/globus/forecast_data/figures/pangu/lead_time/multi_region/6x6/leadtime_rmse_improvement_10m_wind_speed_trainedwith_10m_wind_speed_geographic_pangu_unet.png>
Package pdftex.def Info: /Users/ohouck/globus/forecast_data/figures/pangu/lead_time/multi_region/6x6/leadtime_rmse_improvement_10m_wind_speed_trainedwith_10m_wind_speed_geographic_pangu_unet.png  used on input line 46.
(pdftex.def)             Requested size: 225.4804pt x 126.53018pt.
</Users/ohouck/globus/forecast_data/figures/pangu/lead_time/multi_region/6x6/leadtime_error_cutoff_2m_temperature_trainedwith_2m_temperature_geographic_pangu_mlp.png, id=9, 1009.371pt x 571.1739pt>
File: /Users/ohouck/globus/forecast_data/figures/pangu/lead_time/multi_region/6x6/leadtime_error_cutoff_2m_temperature_trainedwith_2m_temperature_geographic_pangu_mlp.png Graphic file (type png)
<use /Users/ohouck/globus/forecast_data/figures/pangu/lead_time/multi_region/6x6/leadtime_error_cutoff_2m_temperature_trainedwith_2m_temperature_geographic_pangu_mlp.png>
Package pdftex.def Info: /Users/ohouck/globus/forecast_data/figures/pangu/lead_time/multi_region/6x6/leadtime_error_cutoff_2m_temperature_trainedwith_2m_temperature_geographic_pangu_mlp.png  used on input line 57.
(pdftex.def)             Requested size: 225.4804pt x 127.59346pt.
</Users/ohouck/globus/forecast_data/figures/pangu/lead_time/multi_region/6x6/leadtime_error_cutoff_10m_wind_speed_trainedwith_10m_wind_speed_geographic_pangu_mlp.png, id=10, 1009.1301pt x 571.1739pt>
File: /Users/ohouck/globus/forecast_data/figures/pangu/lead_time/multi_region/6x6/leadtime_error_cutoff_10m_wind_speed_trainedwith_10m_wind_speed_geographic_pangu_mlp.png Graphic file (type png)
<use /Users/ohouck/globus/forecast_data/figures/pangu/lead_time/multi_region/6x6/leadtime_error_cutoff_10m_wind_speed_trainedwith_10m_wind_speed_geographic_pangu_mlp.png>
Package pdftex.def Info: /Users/ohouck/globus/forecast_data/figures/pangu/lead_time/multi_region/6x6/leadtime_error_cutoff_10m_wind_speed_trainedwith_10m_wind_speed_geographic_pangu_mlp.png  used on input line 64.
(pdftex.def)             Requested size: 225.4804pt x 127.6196pt.
</Users/ohouck/globus/forecast_data/figures/pangu/lead_time/multi_region/6x6/leadtime_error_cutoff_2m_temperature_trainedwith_2m_temperature_geographic_pangu_unet.png, id=11, 1009.371pt x 571.1739pt>
File: /Users/ohouck/globus/forecast_data/figures/pangu/lead_time/multi_region/6x6/leadtime_error_cutoff_2m_temperature_trainedwith_2m_temperature_geographic_pangu_unet.png Graphic file (type png)
<use /Users/ohouck/globus/forecast_data/figures/pangu/lead_time/multi_region/6x6/leadtime_error_cutoff_2m_temperature_trainedwith_2m_temperature_geographic_pangu_unet.png>
Package pdftex.def Info: /Users/ohouck/globus/forecast_data/figures/pangu/lead_time/multi_region/6x6/leadtime_error_cutoff_2m_temperature_trainedwith_2m_temperature_geographic_pangu_unet.png  used on input line 77.
(pdftex.def)             Requested size: 225.4804pt x 127.59346pt.
</Users/ohouck/globus/forecast_data/figures/pangu/lead_time/multi_region/6x6/leadtime_error_cutoff_10m_wind_speed_trainedwith_10m_wind_speed_geographic_pangu_unet.png, id=12, 1009.1301pt x 571.1739pt>
File: /Users/ohouck/globus/forecast_data/figures/pangu/lead_time/multi_region/6x6/leadtime_error_cutoff_10m_wind_speed_trainedwith_10m_wind_speed_geographic_pangu_unet.png Graphic file (type png)
<use /Users/ohouck/globus/forecast_data/figures/pangu/lead_time/multi_region/6x6/leadtime_error_cutoff_10m_wind_speed_trainedwith_10m_wind_speed_geographic_pangu_unet.png>
Package pdftex.def Info: /Users/ohouck/globus/forecast_data/figures/pangu/lead_time/multi_region/6x6/leadtime_error_cutoff_10m_wind_speed_trainedwith_10m_wind_speed_geographic_pangu_unet.png  used on input line 83.
(pdftex.def)             Requested size: 225.4804pt x 127.6196pt.
</Users/ohouck/globus/forecast_data/figures/pangu/lead_time/multi_region/6x6/leadtime_raw_values_2m_temperature_trainedwith_2m_temperature_geographic_pangu_mlp.png, id=13, 1020.9342pt x 571.1739pt>
File: /Users/ohouck/globus/forecast_data/figures/pangu/lead_time/multi_region/6x6/leadtime_raw_values_2m_temperature_trainedwith_2m_temperature_geographic_pangu_mlp.png Graphic file (type png)
<use /Users/ohouck/globus/forecast_data/figures/pangu/lead_time/multi_region/6x6/leadtime_raw_values_2m_temperature_trainedwith_2m_temperature_geographic_pangu_mlp.png>
Package pdftex.def Info: /Users/ohouck/globus/forecast_data/figures/pangu/lead_time/multi_region/6x6/leadtime_raw_values_2m_temperature_trainedwith_2m_temperature_geographic_pangu_mlp.png  used on input line 95.
(pdftex.def)             Requested size: 225.4804pt x 126.1467pt.
</Users/ohouck/globus/forecast_data/figures/pangu/lead_time/multi_region/6x6/leadtime_raw_values_10m_wind_speed_trainedwith_10m_wind_speed_geographic_pangu_mlp.png, id=14, 1020.9342pt x 571.1739pt>
File: /Users/ohouck/globus/forecast_data/figures/pangu/lead_time/multi_region/6x6/leadtime_raw_values_10m_wind_speed_trainedwith_10m_wind_speed_geographic_pangu_mlp.png Graphic file (type png)
<use /Users/ohouck/globus/forecast_data/figures/pangu/lead_time/multi_region/6x6/leadtime_raw_values_10m_wind_speed_trainedwith_10m_wind_speed_geographic_pangu_mlp.png>
Package pdftex.def Info: /Users/ohouck/globus/forecast_data/figures/pangu/lead_time/multi_region/6x6/leadtime_raw_values_10m_wind_speed_trainedwith_10m_wind_speed_geographic_pangu_mlp.png  used on input line 102.
(pdftex.def)             Requested size: 225.4804pt x 126.1467pt.
</Users/ohouck/globus/forecast_data/figures/pangu/lead_time/multi_region/6x6/leadtime_raw_values_2m_temperature_trainedwith_2m_temperature_geographic_pangu_unet.png, id=15, 1020.9342pt x 571.1739pt>
File: /Users/ohouck/globus/forecast_data/figures/pangu/lead_time/multi_region/6x6/leadtime_raw_values_2m_temperature_trainedwith_2m_temperature_geographic_pangu_unet.png Graphic file (type png)
<use /Users/ohouck/globus/forecast_data/figures/pangu/lead_time/multi_region/6x6/leadtime_raw_values_2m_temperature_trainedwith_2m_temperature_geographic_pangu_unet.png>
Package pdftex.def Info: /Users/ohouck/globus/forecast_data/figures/pangu/lead_time/multi_region/6x6/leadtime_raw_values_2m_temperature_trainedwith_2m_temperature_geographic_pangu_unet.png  used on input line 115.
(pdftex.def)             Requested size: 225.4804pt x 126.1467pt.
</Users/ohouck/globus/forecast_data/figures/pangu/lead_time/multi_region/6x6/leadtime_raw_values_10m_wind_speed_trainedwith_10m_wind_speed_geographic_pangu_unet.png, id=16, 1020.9342pt x 571.1739pt>
File: /Users/ohouck/globus/forecast_data/figures/pangu/lead_time/multi_region/6x6/leadtime_raw_values_10m_wind_speed_trainedwith_10m_wind_speed_geographic_pangu_unet.png Graphic file (type png)
<use /Users/ohouck/globus/forecast_data/figures/pangu/lead_time/multi_region/6x6/leadtime_raw_values_10m_wind_speed_trainedwith_10m_wind_speed_geographic_pangu_unet.png>
Package pdftex.def Info: /Users/ohouck/globus/forecast_data/figures/pangu/lead_time/multi_region/6x6/leadtime_raw_values_10m_wind_speed_trainedwith_10m_wind_speed_geographic_pangu_unet.png  used on input line 121.
(pdftex.def)             Requested size: 225.4804pt x 126.1467pt.
</Users/ohouck/globus/forecast_data/figures/pangu/lead_time/multi_region/2x2/leadtime_rmse_improvement_2m_temperature_trainedwith_2m_temperature_climate_zones_pangu_mlp_bootstrap.png, id=17, 1004.553pt x 571.1739pt>
File: /Users/ohouck/globus/forecast_data/figures/pangu/lead_time/multi_region/2x2/leadtime_rmse_improvement_2m_temperature_trainedwith_2m_temperature_climate_zones_pangu_mlp_bootstrap.png Graphic file (type png)
<use /Users/ohouck/globus/forecast_data/figures/pangu/lead_time/multi_region/2x2/leadtime_rmse_improvement_2m_temperature_trainedwith_2m_temperature_climate_zones_pangu_mlp_bootstrap.png>
Package pdftex.def Info: /Users/ohouck/globus/forecast_data/figures/pangu/lead_time/multi_region/2x2/leadtime_rmse_improvement_2m_temperature_trainedwith_2m_temperature_climate_zones_pangu_mlp_bootstrap.png  used on input line 132.
(pdftex.def)             Requested size: 225.4804pt x 128.20354pt.
</Users/ohouck/globus/forecast_data/figures/pangu/lead_time/multi_region/2x2/leadtime_rmse_improvement_10m_wind_speed_trainedwith_10m_wind_speed_climate_zones_pangu_mlp_bootstrap.png, id=18, 1004.553pt x 571.1739pt>
File: /Users/ohouck/globus/forecast_data/figures/pangu/lead_time/multi_region/2x2/leadtime_rmse_improvement_10m_wind_speed_trainedwith_10m_wind_speed_climate_zones_pangu_mlp_bootstrap.png Graphic file (type png)
<use /Users/ohouck/globus/forecast_data/figures/pangu/lead_time/multi_region/2x2/leadtime_rmse_improvement_10m_wind_speed_trainedwith_10m_wind_speed_climate_zones_pangu_mlp_bootstrap.png>
Package pdftex.def Info: /Users/ohouck/globus/forecast_data/figures/pangu/lead_time/multi_region/2x2/leadtime_rmse_improvement_10m_wind_speed_trainedwith_10m_wind_speed_climate_zones_pangu_mlp_bootstrap.png  used on input line 138.
(pdftex.def)             Requested size: 225.4804pt x 128.20354pt.
 [1

{/usr/local/texlive/2023/texmf-var/fonts/map/pdftex/updmap/pdftex.map} </Users/ohouck/globus/forecast_data/figures/pangu/lead_time/multi_region/6x6/leadtime_rmse_improvement_2m_temperature_trainedwith_2m_temperature_geographic_pangu_mlp.png> </Users/ohouck/globus/forecast_data/figures/pangu/lead_time/multi_region/6x6/leadtime_rmse_improvement_10m_wind_speed_trainedwith_10m_wind_speed_geographic_pangu_mlp.png> </Users/ohouck/globus/forecast_data/figures/pangu/lead_time/multi_region/6x6/leadtime_rmse_improvement_2m_temperature_trainedwith_2m_temperature_geographic_pangu_unet.png> </Users/ohouck/globus/forecast_data/figures/pangu/lead_time/multi_region/6x6/leadtime_rmse_improvement_10m_wind_speed_trainedwith_10m_wind_speed_geographic_pangu_unet.png> </Users/ohouck/globus/forecast_data/figures/pangu/lead_time/multi_region/6x6/leadtime_error_cutoff_2m_temperature_trainedwith_2m_temperature_geographic_pangu_mlp.png> </Users/ohouck/globus/forecast_data/figures/pangu/lead_time/multi_region/6x6/leadtime_error_cutoff_10m_wind_speed_trainedwith_10m_wind_speed_geographic_pangu_mlp.png>] [2 </Users/ohouck/globus/forecast_data/figures/pangu/lead_time/multi_region/6x6/leadtime_error_cutoff_2m_temperature_trainedwith_2m_temperature_geographic_pangu_unet.png> </Users/ohouck/globus/forecast_data/figures/pangu/lead_time/multi_region/6x6/leadtime_error_cutoff_10m_wind_speed_trainedwith_10m_wind_speed_geographic_pangu_unet.png> </Users/ohouck/globus/forecast_data/figures/pangu/lead_time/multi_region/6x6/leadtime_raw_values_2m_temperature_trainedwith_2m_temperature_geographic_pangu_mlp.png> </Users/ohouck/globus/forecast_data/figures/pangu/lead_time/multi_region/6x6/leadtime_raw_values_10m_wind_speed_trainedwith_10m_wind_speed_geographic_pangu_mlp.png> </Users/ohouck/globus/forecast_data/figures/pangu/lead_time/multi_region/6x6/leadtime_raw_values_2m_temperature_trainedwith_2m_temperature_geographic_pangu_unet.png> </Users/ohouck/globus/forecast_data/figures/pangu/lead_time/multi_region/6x6/leadtime_raw_values_10m_wind_speed_trainedwith_10m_wind_speed_geographic_pangu_unet.png>]
</Users/ohouck/globus/forecast_data/figures/pangu/lead_time/multi_region/2x2/leadtime_error_cutoff_2m_temperature_trainedwith_2m_temperature_climate_zones_pangu_mlp.png, id=49, 1004.553pt x 571.1739pt>
File: /Users/ohouck/globus/forecast_data/figures/pangu/lead_time/multi_region/2x2/leadtime_error_cutoff_2m_temperature_trainedwith_2m_temperature_climate_zones_pangu_mlp.png Graphic file (type png)
<use /Users/ohouck/globus/forecast_data/figures/pangu/lead_time/multi_region/2x2/leadtime_error_cutoff_2m_temperature_trainedwith_2m_temperature_climate_zones_pangu_mlp.png>
Package pdftex.def Info: /Users/ohouck/globus/forecast_data/figures/pangu/lead_time/multi_region/2x2/leadtime_error_cutoff_2m_temperature_trainedwith_2m_temperature_climate_zones_pangu_mlp.png  used on input line 148.
(pdftex.def)             Requested size: 225.4804pt x 128.20354pt.
</Users/ohouck/globus/forecast_data/figures/pangu/lead_time/multi_region/2x2/leadtime_error_cutoff_10m_wind_speed_trainedwith_10m_wind_speed_climate_zones_pangu_mlp.png, id=50, 1004.553pt x 571.1739pt>
File: /Users/ohouck/globus/forecast_data/figures/pangu/lead_time/multi_region/2x2/leadtime_error_cutoff_10m_wind_speed_trainedwith_10m_wind_speed_climate_zones_pangu_mlp.png Graphic file (type png)
<use /Users/ohouck/globus/forecast_data/figures/pangu/lead_time/multi_region/2x2/leadtime_error_cutoff_10m_wind_speed_trainedwith_10m_wind_speed_climate_zones_pangu_mlp.png>
Package pdftex.def Info: /Users/ohouck/globus/forecast_data/figures/pangu/lead_time/multi_region/2x2/leadtime_error_cutoff_10m_wind_speed_trainedwith_10m_wind_speed_climate_zones_pangu_mlp.png  used on input line 154.
(pdftex.def)             Requested size: 225.4804pt x 128.20354pt.
</Users/ohouck/globus/forecast_data/figures/pangu/lead_time/multi_region/2x2/leadtime_raw_values_2m_temperature_trainedwith_2m_temperature_climate_zones_pangu_mlp.png, id=51, 1004.553pt x 571.1739pt>
File: /Users/ohouck/globus/forecast_data/figures/pangu/lead_time/multi_region/2x2/leadtime_raw_values_2m_temperature_trainedwith_2m_temperature_climate_zones_pangu_mlp.png Graphic file (type png)
<use /Users/ohouck/globus/forecast_data/figures/pangu/lead_time/multi_region/2x2/leadtime_raw_values_2m_temperature_trainedwith_2m_temperature_climate_zones_pangu_mlp.png>
Package pdftex.def Info: /Users/ohouck/globus/forecast_data/figures/pangu/lead_time/multi_region/2x2/leadtime_raw_values_2m_temperature_trainedwith_2m_temperature_climate_zones_pangu_mlp.png  used on input line 164.
(pdftex.def)             Requested size: 225.4804pt x 128.20354pt.
</Users/ohouck/globus/forecast_data/figures/pangu/lead_time/multi_region/2x2/leadtime_raw_values_10m_wind_speed_trainedwith_10m_wind_speed_climate_zones_pangu_mlp.png, id=52, 1004.553pt x 571.1739pt>
File: /Users/ohouck/globus/forecast_data/figures/pangu/lead_time/multi_region/2x2/leadtime_raw_values_10m_wind_speed_trainedwith_10m_wind_speed_climate_zones_pangu_mlp.png Graphic file (type png)
<use /Users/ohouck/globus/forecast_data/figures/pangu/lead_time/multi_region/2x2/leadtime_raw_values_10m_wind_speed_trainedwith_10m_wind_speed_climate_zones_pangu_mlp.png>
Package pdftex.def Info: /Users/ohouck/globus/forecast_data/figures/pangu/lead_time/multi_region/2x2/leadtime_raw_values_10m_wind_speed_trainedwith_10m_wind_speed_climate_zones_pangu_mlp.png  used on input line 170.
(pdftex.def)             Requested size: 225.4804pt x 128.20354pt.
</Users/ohouck/globus/forecast_data/figures/ifs/lead_time/multi_region/6x6/leadtime_rmse_improvement_2m_temperature_trainedwith_2m_temperature_geographic_ifs_mlp.png, id=53, 1004.553pt x 571.1739pt>
File: /Users/ohouck/globus/forecast_data/figures/ifs/lead_time/multi_region/6x6/leadtime_rmse_improvement_2m_temperature_trainedwith_2m_temperature_geographic_ifs_mlp.png Graphic file (type png)
<use /Users/ohouck/globus/forecast_data/figures/ifs/lead_time/multi_region/6x6/leadtime_rmse_improvement_2m_temperature_trainedwith_2m_temperature_geographic_ifs_mlp.png>
Package pdftex.def Info: /Users/ohouck/globus/forecast_data/figures/ifs/lead_time/multi_region/6x6/leadtime_rmse_improvement_2m_temperature_trainedwith_2m_temperature_geographic_ifs_mlp.png  used on input line 184.
(pdftex.def)             Requested size: 225.4804pt x 128.20354pt.
</Users/ohouck/globus/forecast_data/figures/ifs/lead_time/multi_region/6x6/leadtime_rmse_improvement_10m_wind_speed_trainedwith_10m_wind_speed_geographic_ifs_mlp.png, id=54, 1004.553pt x 571.1739pt>
File: /Users/ohouck/globus/forecast_data/figures/ifs/lead_time/multi_region/6x6/leadtime_rmse_improvement_10m_wind_speed_trainedwith_10m_wind_speed_geographic_ifs_mlp.png Graphic file (type png)
<use /Users/ohouck/globus/forecast_data/figures/ifs/lead_time/multi_region/6x6/leadtime_rmse_improvement_10m_wind_speed_trainedwith_10m_wind_speed_geographic_ifs_mlp.png>
Package pdftex.def Info: /Users/ohouck/globus/forecast_data/figures/ifs/lead_time/multi_region/6x6/leadtime_rmse_improvement_10m_wind_speed_trainedwith_10m_wind_speed_geographic_ifs_mlp.png  used on input line 191.
(pdftex.def)             Requested size: 225.4804pt x 128.20354pt.
 [3 </Users/ohouck/globus/forecast_data/figures/pangu/lead_time/multi_region/2x2/leadtime_rmse_improvement_2m_temperature_trainedwith_2m_temperature_climate_zones_pangu_mlp_bootstrap.png> </Users/ohouck/globus/forecast_data/figures/pangu/lead_time/multi_region/2x2/leadtime_rmse_improvement_10m_wind_speed_trainedwith_10m_wind_speed_climate_zones_pangu_mlp_bootstrap.png> </Users/ohouck/globus/forecast_data/figures/pangu/lead_time/multi_region/2x2/leadtime_error_cutoff_2m_temperature_trainedwith_2m_temperature_climate_zones_pangu_mlp.png> </Users/ohouck/globus/forecast_data/figures/pangu/lead_time/multi_region/2x2/leadtime_error_cutoff_10m_wind_speed_trainedwith_10m_wind_speed_climate_zones_pangu_mlp.png> </Users/ohouck/globus/forecast_data/figures/pangu/lead_time/multi_region/2x2/leadtime_raw_values_2m_temperature_trainedwith_2m_temperature_climate_zones_pangu_mlp.png> </Users/ohouck/globus/forecast_data/figures/pangu/lead_time/multi_region/2x2/leadtime_raw_values_10m_wind_speed_trainedwith_10m_wind_speed_climate_zones_pangu_mlp.png>]
</Users/ohouck/globus/forecast_data/figures/ifs/lead_time/multi_region/6x6/leadtime_rmse_improvement_2m_temperature_trainedwith_2m_temperature_geographic_ifs_unet.png, id=69, 1004.553pt x 571.1739pt>
File: /Users/ohouck/globus/forecast_data/figures/ifs/lead_time/multi_region/6x6/leadtime_rmse_improvement_2m_temperature_trainedwith_2m_temperature_geographic_ifs_unet.png Graphic file (type png)
<use /Users/ohouck/globus/forecast_data/figures/ifs/lead_time/multi_region/6x6/leadtime_rmse_improvement_2m_temperature_trainedwith_2m_temperature_geographic_ifs_unet.png>
Package pdftex.def Info: /Users/ohouck/globus/forecast_data/figures/ifs/lead_time/multi_region/6x6/leadtime_rmse_improvement_2m_temperature_trainedwith_2m_temperature_geographic_ifs_unet.png  used on input line 204.
(pdftex.def)             Requested size: 225.4804pt x 128.20354pt.
</Users/ohouck/globus/forecast_data/figures/ifs/lead_time/multi_region/6x6/leadtime_rmse_improvement_10m_wind_speed_trainedwith_10m_wind_speed_geographic_ifs_unet.png, id=70, 1004.553pt x 571.1739pt>
File: /Users/ohouck/globus/forecast_data/figures/ifs/lead_time/multi_region/6x6/leadtime_rmse_improvement_10m_wind_speed_trainedwith_10m_wind_speed_geographic_ifs_unet.png Graphic file (type png)
<use /Users/ohouck/globus/forecast_data/figures/ifs/lead_time/multi_region/6x6/leadtime_rmse_improvement_10m_wind_speed_trainedwith_10m_wind_speed_geographic_ifs_unet.png>
Package pdftex.def Info: /Users/ohouck/globus/forecast_data/figures/ifs/lead_time/multi_region/6x6/leadtime_rmse_improvement_10m_wind_speed_trainedwith_10m_wind_speed_geographic_ifs_unet.png  used on input line 210.
(pdftex.def)             Requested size: 225.4804pt x 128.20354pt.
</Users/ohouck/globus/forecast_data/figures/ifs/lead_time/multi_region/6x6/leadtime_error_cutoff_2m_temperature_trainedwith_2m_temperature_geographic_ifs_mlp.png, id=71, 1004.553pt x 571.1739pt>
File: /Users/ohouck/globus/forecast_data/figures/ifs/lead_time/multi_region/6x6/leadtime_error_cutoff_2m_temperature_trainedwith_2m_temperature_geographic_ifs_mlp.png Graphic file (type png)
<use /Users/ohouck/globus/forecast_data/figures/ifs/lead_time/multi_region/6x6/leadtime_error_cutoff_2m_temperature_trainedwith_2m_temperature_geographic_ifs_mlp.png>
Package pdftex.def Info: /Users/ohouck/globus/forecast_data/figures/ifs/lead_time/multi_region/6x6/leadtime_error_cutoff_2m_temperature_trainedwith_2m_temperature_geographic_ifs_mlp.png  used on input line 221.
(pdftex.def)             Requested size: 225.4804pt x 128.20354pt.
</Users/ohouck/globus/forecast_data/figures/ifs/lead_time/multi_region/6x6/leadtime_error_cutoff_10m_wind_speed_trainedwith_10m_wind_speed_geographic_ifs_mlp.png, id=72, 1004.553pt x 571.1739pt>
File: /Users/ohouck/globus/forecast_data/figures/ifs/lead_time/multi_region/6x6/leadtime_error_cutoff_10m_wind_speed_trainedwith_10m_wind_speed_geographic_ifs_mlp.png Graphic file (type png)
<use /Users/ohouck/globus/forecast_data/figures/ifs/lead_time/multi_region/6x6/leadtime_error_cutoff_10m_wind_speed_trainedwith_10m_wind_speed_geographic_ifs_mlp.png>
Package pdftex.def Info: /Users/ohouck/globus/forecast_data/figures/ifs/lead_time/multi_region/6x6/leadtime_error_cutoff_10m_wind_speed_trainedwith_10m_wind_speed_geographic_ifs_mlp.png  used on input line 228.
(pdftex.def)             Requested size: 225.4804pt x 128.20354pt.
</Users/ohouck/globus/forecast_data/figures/ifs/lead_time/multi_region/6x6/leadtime_raw_values_2m_temperature_trainedwith_2m_temperature_geographic_ifs_mlp.png, id=73, 1004.553pt x 571.1739pt>
File: /Users/ohouck/globus/forecast_data/figures/ifs/lead_time/multi_region/6x6/leadtime_raw_values_2m_temperature_trainedwith_2m_temperature_geographic_ifs_mlp.png Graphic file (type png)
<use /Users/ohouck/globus/forecast_data/figures/ifs/lead_time/multi_region/6x6/leadtime_raw_values_2m_temperature_trainedwith_2m_temperature_geographic_ifs_mlp.png>
Package pdftex.def Info: /Users/ohouck/globus/forecast_data/figures/ifs/lead_time/multi_region/6x6/leadtime_raw_values_2m_temperature_trainedwith_2m_temperature_geographic_ifs_mlp.png  used on input line 241.
(pdftex.def)             Requested size: 225.4804pt x 128.20354pt.
</Users/ohouck/globus/forecast_data/figures/ifs/lead_time/multi_region/6x6/leadtime_raw_values_10m_wind_speed_trainedwith_10m_wind_speed_geographic_ifs_mlp.png, id=74, 1004.553pt x 571.1739pt>
File: /Users/ohouck/globus/forecast_data/figures/ifs/lead_time/multi_region/6x6/leadtime_raw_values_10m_wind_speed_trainedwith_10m_wind_speed_geographic_ifs_mlp.png Graphic file (type png)
<use /Users/ohouck/globus/forecast_data/figures/ifs/lead_time/multi_region/6x6/leadtime_raw_values_10m_wind_speed_trainedwith_10m_wind_speed_geographic_ifs_mlp.png>
Package pdftex.def Info: /Users/ohouck/globus/forecast_data/figures/ifs/lead_time/multi_region/6x6/leadtime_raw_values_10m_wind_speed_trainedwith_10m_wind_speed_geographic_ifs_mlp.png  used on input line 248.
(pdftex.def)             Requested size: 225.4804pt x 128.20354pt.

/Users/ohouck/vc/ai_weather_ag/reports/plot_dump.tex:263: Use of ??? doesn't match its definition.
<argument> ???  
                ! LaTeX Error: Unbalanced quotes in file name '/Users/ohouck...
l.263 ..._geographic_aifs_mlp_growing_season.png"}
                                                  
If you say, e.g., `\def\a1{...}', then you must always
put `1' after `\a', since control sequence names are
made up of letters only. The macro here has not been
followed by the required stuff, so I'm ignoring it.

/Users/ohouck/vc/ai_weather_ag/reports/plot_dump.tex:263: Use of ??? doesn't match its definition.
<argument> ???  
                ! LaTeX Error: Unbalanced quotes in file name '/Users/ohouck...
l.263 ..._geographic_aifs_mlp_growing_season.png"}
                                                  
If you say, e.g., `\def\a1{...}', then you must always
put `1' after `\a', since control sequence names are
made up of letters only. The macro here has not been
followed by the required stuff, so I'm ignoring it.

</Users/ohouck/globus/forecast_data/figures/aifs/lead_time/multi_region/6x6/leadtime_rmse_improvement_total_precipitation_trainedwith_total_precipitation_geographic_aifs_mlp_growing_season.png, id=75, 1004.553pt x 571.1739pt>
File: /Users/ohouck/globus/forecast_data/figures/aifs/lead_time/multi_region/6x6/leadtime_rmse_improvement_total_precipitation_trainedwith_total_precipitation_geographic_aifs_mlp_growing_season.png Graphic file (type png)
<use /Users/ohouck/globus/forecast_data/figures/aifs/lead_time/multi_region/6x6/leadtime_rmse_improvement_total_precipitation_trainedwith_total_precipitation_geographic_aifs_mlp_growing_season.png>
Package pdftex.def Info: /Users/ohouck/globus/forecast_data/figures/aifs/lead_time/multi_region/6x6/leadtime_rmse_improvement_total_precipitation_trainedwith_total_precipitation_geographic_aifs_mlp_growing_season.png  used on input line 263.
(pdftex.def)             Requested size: 225.4804pt x 128.20354pt.
/Users/ohouck/vc/ai_weather_ag/reports/plot_dump.tex:269: Use of ??? doesn't match its definition.
<argument> ???  
                ! LaTeX Error: Unbalanced quotes in file name '/Users/ohouck...
l.269 ...geographic_aifs_unet_growing_season.png"}
                                                  
If you say, e.g., `\def\a1{...}', then you must always
put `1' after `\a', since control sequence names are
made up of letters only. The macro here has not been
followed by the required stuff, so I'm ignoring it.

/Users/ohouck/vc/ai_weather_ag/reports/plot_dump.tex:269: Use of ??? doesn't match its definition.
<argument> ???  
                ! LaTeX Error: Unbalanced quotes in file name '/Users/ohouck...
l.269 ...geographic_aifs_unet_growing_season.png"}
                                                  
If you say, e.g., `\def\a1{...}', then you must always
put `1' after `\a', since control sequence names are
made up of letters only. The macro here has not been
followed by the required stuff, so I'm ignoring it.

</Users/ohouck/globus/forecast_data/figures/aifs/lead_time/multi_region/6x6/leadtime_rmse_improvement_total_precipitation_trainedwith_total_precipitation_geographic_aifs_unet_growing_season.png, id=76, 1004.553pt x 571.1739pt>
File: /Users/ohouck/globus/forecast_data/figures/aifs/lead_time/multi_region/6x6/leadtime_rmse_improvement_total_precipitation_trainedwith_total_precipitation_geographic_aifs_unet_growing_season.png Graphic file (type png)
<use /Users/ohouck/globus/forecast_data/figures/aifs/lead_time/multi_region/6x6/leadtime_rmse_improvement_total_precipitation_trainedwith_total_precipitation_geographic_aifs_unet_growing_season.png>
Package pdftex.def Info: /Users/ohouck/globus/forecast_data/figures/aifs/lead_time/multi_region/6x6/leadtime_rmse_improvement_total_precipitation_trainedwith_total_precipitation_geographic_aifs_unet_growing_season.png  used on input line 269.
(pdftex.def)             Requested size: 225.4804pt x 128.20354pt.
[4 </Users/ohouck/globus/forecast_data/figures/ifs/lead_time/multi_region/6x6/leadtime_rmse_improvement_2m_temperature_trainedwith_2m_temperature_geographic_ifs_mlp.png> </Users/ohouck/globus/forecast_data/figures/ifs/lead_time/multi_region/6x6/leadtime_rmse_improvement_10m_wind_speed_trainedwith_10m_wind_speed_geographic_ifs_mlp.png> </Users/ohouck/globus/forecast_data/figures/ifs/lead_time/multi_region/6x6/leadtime_rmse_improvement_2m_temperature_trainedwith_2m_temperature_geographic_ifs_unet.png> </Users/ohouck/globus/forecast_data/figures/ifs/lead_time/multi_region/6x6/leadtime_rmse_improvement_10m_wind_speed_trainedwith_10m_wind_speed_geographic_ifs_unet.png> </Users/ohouck/globus/forecast_data/figures/ifs/lead_time/multi_region/6x6/leadtime_error_cutoff_2m_temperature_trainedwith_2m_temperature_geographic_ifs_mlp.png> </Users/ohouck/globus/forecast_data/figures/ifs/lead_time/multi_region/6x6/leadtime_error_cutoff_10m_wind_speed_trainedwith_10m_wind_speed_geographic_ifs_mlp.png>]
</Users/ohouck/globus/forecast_data/figures/aifs/lead_time/multi_region/6x6/leadtime_error_cutoff_total_precipitation_trainedwith_total_precipitation_geographic_aifs_mlp_growing_season.png, id=91, 1004.553pt x 571.1739pt>
File: /Users/ohouck/globus/forecast_data/figures/aifs/lead_time/multi_region/6x6/leadtime_error_cutoff_total_precipitation_trainedwith_total_precipitation_geographic_aifs_mlp_growing_season.png Graphic file (type png)
<use /Users/ohouck/globus/forecast_data/figures/aifs/lead_time/multi_region/6x6/leadtime_error_cutoff_total_precipitation_trainedwith_total_precipitation_geographic_aifs_mlp_growing_season.png>
Package pdftex.def Info: /Users/ohouck/globus/forecast_data/figures/aifs/lead_time/multi_region/6x6/leadtime_error_cutoff_total_precipitation_trainedwith_total_precipitation_geographic_aifs_mlp_growing_season.png  used on input line 280.
(pdftex.def)             Requested size: 225.4804pt x 128.20354pt.
</Users/ohouck/globus/forecast_data/figures/aifs/lead_time/multi_region/6x6/leadtime_error_cutoff_total_precipitation_trainedwith_total_precipitation_geographic_aifs_unet_growing_season.png, id=92, 1004.553pt x 571.1739pt>
File: /Users/ohouck/globus/forecast_data/figures/aifs/lead_time/multi_region/6x6/leadtime_error_cutoff_total_precipitation_trainedwith_total_precipitation_geographic_aifs_unet_growing_season.png Graphic file (type png)
<use /Users/ohouck/globus/forecast_data/figures/aifs/lead_time/multi_region/6x6/leadtime_error_cutoff_total_precipitation_trainedwith_total_precipitation_geographic_aifs_unet_growing_season.png>
Package pdftex.def Info: /Users/ohouck/globus/forecast_data/figures/aifs/lead_time/multi_region/6x6/leadtime_error_cutoff_total_precipitation_trainedwith_total_precipitation_geographic_aifs_unet_growing_season.png  used on input line 286.
(pdftex.def)             Requested size: 225.4804pt x 128.20354pt.
File: /Users/ohouck/globus/forecast_data/figures/aifs/lead_time/multi_region/6x6/leadtime_error_cutoff_total_precipitation_trainedwith_total_precipitation_geographic_aifs_mlp_growing_season.png Graphic file (type png)
<use /Users/ohouck/globus/forecast_data/figures/aifs/lead_time/multi_region/6x6/leadtime_error_cutoff_total_precipitation_trainedwith_total_precipitation_geographic_aifs_mlp_growing_season.png>
Package pdftex.def Info: /Users/ohouck/globus/forecast_data/figures/aifs/lead_time/multi_region/6x6/leadtime_error_cutoff_total_precipitation_trainedwith_total_precipitation_geographic_aifs_mlp_growing_season.png  used on input line 298.
(pdftex.def)             Requested size: 225.4804pt x 128.20354pt.
</Users/ohouck/globus/forecast_data/figures/pangu/lead_time/multi_region/6x6/leadtime_rmse_improvement_2m_temperature_trainedwith_2m_temperature_geographic_pangu_extreme_heat_mlp.png, id=93, 1017.8025pt x 571.1739pt>
File: /Users/ohouck/globus/forecast_data/figures/pangu/lead_time/multi_region/6x6/leadtime_rmse_improvement_2m_temperature_trainedwith_2m_temperature_geographic_pangu_extreme_heat_mlp.png Graphic file (type png)
<use /Users/ohouck/globus/forecast_data/figures/pangu/lead_time/multi_region/6x6/leadtime_rmse_improvement_2m_temperature_trainedwith_2m_temperature_geographic_pangu_extreme_heat_mlp.png>
Package pdftex.def Info: /Users/ohouck/globus/forecast_data/figures/pangu/lead_time/multi_region/6x6/leadtime_rmse_improvement_2m_temperature_trainedwith_2m_temperature_geographic_pangu_extreme_heat_mlp.png  used on input line 313.
(pdftex.def)             Requested size: 225.4804pt x 126.53018pt.
</Users/ohouck/globus/forecast_data/figures/pangu/lead_time/multi_region/6x6/leadtime_rmse_improvement_2m_temperature_trainedwith_2m_temperature_geographic_pangu_extreme_heat_unet.png, id=94, 1017.8025pt x 571.1739pt>
File: /Users/ohouck/globus/forecast_data/figures/pangu/lead_time/multi_region/6x6/leadtime_rmse_improvement_2m_temperature_trainedwith_2m_temperature_geographic_pangu_extreme_heat_unet.png Graphic file (type png)
<use /Users/ohouck/globus/forecast_data/figures/pangu/lead_time/multi_region/6x6/leadtime_rmse_improvement_2m_temperature_trainedwith_2m_temperature_geographic_pangu_extreme_heat_unet.png>
Package pdftex.def Info: /Users/ohouck/globus/forecast_data/figures/pangu/lead_time/multi_region/6x6/leadtime_rmse_improvement_2m_temperature_trainedwith_2m_temperature_geographic_pangu_extreme_heat_unet.png  used on input line 319.
(pdftex.def)             Requested size: 225.4804pt x 126.53018pt.
</Users/ohouck/globus/forecast_data/figures/ifs/lead_time/multi_region/6x6/leadtime_rmse_improvement_2m_temperature_trainedwith_2m_temperature_geographic_ifs_extreme_heat_mlp.png, id=95, 1004.553pt x 571.1739pt>
File: /Users/ohouck/globus/forecast_data/figures/ifs/lead_time/multi_region/6x6/leadtime_rmse_improvement_2m_temperature_trainedwith_2m_temperature_geographic_ifs_extreme_heat_mlp.png Graphic file (type png)
<use /Users/ohouck/globus/forecast_data/figures/ifs/lead_time/multi_region/6x6/leadtime_rmse_improvement_2m_temperature_trainedwith_2m_temperature_geographic_ifs_extreme_heat_mlp.png>
Package pdftex.def Info: /Users/ohouck/globus/forecast_data/figures/ifs/lead_time/multi_region/6x6/leadtime_rmse_improvement_2m_temperature_trainedwith_2m_temperature_geographic_ifs_extreme_heat_mlp.png  used on input line 325.
(pdftex.def)             Requested size: 225.4804pt x 128.20354pt.
</Users/ohouck/globus/forecast_data/figures/ifs/lead_time/multi_region/6x6/leadtime_rmse_improvement_2m_temperature_trainedwith_2m_temperature_geographic_ifs_extreme_heat_unet.png, id=96, 1004.553pt x 571.1739pt>
File: /Users/ohouck/globus/forecast_data/figures/ifs/lead_time/multi_region/6x6/leadtime_rmse_improvement_2m_temperature_trainedwith_2m_temperature_geographic_ifs_extreme_heat_unet.png Graphic file (type png)
<use /Users/ohouck/globus/forecast_data/figures/ifs/lead_time/multi_region/6x6/leadtime_rmse_improvement_2m_temperature_trainedwith_2m_temperature_geographic_ifs_extreme_heat_unet.png>
Package pdftex.def Info: /Users/ohouck/globus/forecast_data/figures/ifs/lead_time/multi_region/6x6/leadtime_rmse_improvement_2m_temperature_trainedwith_2m_temperature_geographic_ifs_extreme_heat_unet.png  used on input line 331.
(pdftex.def)             Requested size: 225.4804pt x 128.20354pt.
 [5 </Users/ohouck/globus/forecast_data/figures/ifs/lead_time/multi_region/6x6/leadtime_raw_values_2m_temperature_trainedwith_2m_temperature_geographic_ifs_mlp.png> </Users/ohouck/globus/forecast_data/figures/ifs/lead_time/multi_region/6x6/leadtime_raw_values_10m_wind_speed_trainedwith_10m_wind_speed_geographic_ifs_mlp.png> </Users/ohouck/globus/forecast_data/figures/aifs/lead_time/multi_region/6x6/leadtime_rmse_improvement_total_precipitation_trainedwith_total_precipitation_geographic_aifs_mlp_growing_season.png> </Users/ohouck/globus/forecast_data/figures/aifs/lead_time/multi_region/6x6/leadtime_rmse_improvement_total_precipitation_trainedwith_total_precipitation_geographic_aifs_unet_growing_season.png> </Users/ohouck/globus/forecast_data/figures/aifs/lead_time/multi_region/6x6/leadtime_error_cutoff_total_precipitation_trainedwith_total_precipitation_geographic_aifs_mlp_growing_season.png> </Users/ohouck/globus/forecast_data/figures/aifs/lead_time/multi_region/6x6/leadtime_error_cutoff_total_precipitation_trainedwith_total_precipitation_geographic_aifs_unet_growing_season.png>] [6 </Users/ohouck/globus/forecast_data/figures/pangu/lead_time/multi_region/6x6/leadtime_rmse_improvement_2m_temperature_trainedwith_2m_temperature_geographic_pangu_extreme_heat_mlp.png> </Users/ohouck/globus/forecast_data/figures/pangu/lead_time/multi_region/6x6/leadtime_rmse_improvement_2m_temperature_trainedwith_2m_temperature_geographic_pangu_extreme_heat_unet.png> </Users/ohouck/globus/forecast_data/figures/ifs/lead_time/multi_region/6x6/leadtime_rmse_improvement_2m_temperature_trainedwith_2m_temperature_geographic_ifs_extreme_heat_mlp.png> </Users/ohouck/globus/forecast_data/figures/ifs/lead_time/multi_region/6x6/leadtime_rmse_improvement_2m_temperature_trainedwith_2m_temperature_geographic_ifs_extreme_heat_unet.png>] (./plot_dump.aux)

LaTeX Warning: Label(s) may have changed. Rerun to get cross-references right.


Package rerunfilecheck Warning: File `plot_dump.out' has changed.
(rerunfilecheck)                Rerun to get outlines right
(rerunfilecheck)                or use package `bookmark'.

Package rerunfilecheck Info: Checksums for `plot_dump.out':
(rerunfilecheck)             Before: <no file>
(rerunfilecheck)             After:  68177FEAB806BABE782E4020D4B2C997;525.
 ) 
Here is how much of TeX's memory you used:
 10377 strings out of 476025
 207250 string characters out of 5790016
 1863388 words of memory out of 5000000
 30682 multiletter control sequences out of 15000+600000
 513192 words of font info for 35 fonts, out of 8000000 for 9000
 1141 hyphenation exceptions out of 8191
 75i,8n,77p,496b,504s stack positions out of 10000i,1000n,20000p,200000b,200000s
</usr/local/texlive/2023/texmf-dist/fonts/type1/public/amsfonts/cm/cmbx12.pfb></usr/local/texlive/2023/texmf-dist/fonts/type1/public/amsfonts/cm/cmr10.pfb>
Output written on plot_dump.pdf (6 pages, 14178359 bytes).
PDF statistics:
 139 PDF objects out of 1000 (max. 8388607)
 58 compressed objects within 1 object stream
 29 named destinations out of 1000 (max. 500000)
 171 words of extra memory for PDF output out of 10000 (max. 10000000)

