2025-06-29 17:49:38,125 - __main__ - INFO - Running initial diagnostics...
2025-06-29 17:49:38,567 - __main__ - INFO - Starting region: india
2025-06-29 17:49:38,569 - __main__ - INFO - Processing pangu for india using incremental approach
2025-06-29 17:49:38,569 - __main__ - INFO - Validating 296 files...
2025-06-29 17:49:38,569 - __main__ - INFO -   Validated 0/296 files...
2025-06-29 17:49:38,660 - __main__ - INFO -   Validated 10/296 files...
2025-06-29 17:49:38,901 - __main__ - INFO -   Validated 20/296 files...
2025-06-29 17:49:38,993 - __main__ - INFO -   Validated 30/296 files...
2025-06-29 17:49:39,149 - __main__ - INFO -   Validated 40/296 files...
2025-06-29 17:49:39,236 - __main__ - INFO -   Validated 50/296 files...
2025-06-29 17:49:39,446 - __main__ - INFO -   Validated 60/296 files...
2025-06-29 17:49:39,905 - __main__ - INFO -   Validated 70/296 files...
2025-06-29 17:49:40,334 - __main__ - INFO -   Validated 80/296 files...
2025-06-29 17:49:40,703 - __main__ - INFO -   Validated 90/296 files...
2025-06-29 17:49:41,045 - __main__ - INFO -   Validated 100/296 files...
2025-06-29 17:49:41,374 - __main__ - INFO -   Validated 110/296 files...
2025-06-29 17:49:41,941 - __main__ - INFO -   Validated 120/296 files...
2025-06-29 17:49:42,193 - __main__ - INFO -   Validated 130/296 files...
2025-06-29 17:49:42,555 - __main__ - INFO -   Validated 140/296 files...
2025-06-29 17:49:42,933 - __main__ - INFO -   Validated 150/296 files...
2025-06-29 17:49:43,401 - __main__ - INFO -   Validated 160/296 files...
2025-06-29 17:49:43,766 - __main__ - INFO -   Validated 170/296 files...
2025-06-29 17:49:44,072 - __main__ - INFO -   Validated 180/296 files...
2025-06-29 17:49:44,330 - __main__ - INFO -   Validated 190/296 files...
2025-06-29 17:49:44,641 - __main__ - INFO -   Validated 200/296 files...
2025-06-29 17:49:44,946 - __main__ - INFO -   Validated 210/296 files...
2025-06-29 17:49:45,237 - __main__ - INFO -   Validated 220/296 files...
2025-06-29 17:49:45,422 - __main__ - INFO -   Validated 230/296 files...
2025-06-29 17:49:45,870 - __main__ - INFO -   Validated 240/296 files...
2025-06-29 17:49:46,055 - __main__ - INFO -   Validated 250/296 files...
2025-06-29 17:49:46,283 - __main__ - INFO -   Validated 260/296 files...
2025-06-29 17:49:46,515 - __main__ - INFO -   Validated 270/296 files...
2025-06-29 17:49:46,974 - __main__ - INFO -   Validated 280/296 files...
2025-06-29 17:49:47,443 - __main__ - INFO -   Validated 290/296 files...
2025-06-29 17:49:47,544 - __main__ - INFO - Found years: ['2018', '2019', '2020', '2021', '2022']
2025-06-29 17:49:47,544 - __main__ - INFO - Processing first year 2018 to create output file
2025-06-29 17:49:47,555 - __main__ - INFO - Region india subset dimensions: {'latitude': 43, 'longitude': 43, 'lead_time': 7, 'init_time': 7}
2025-06-29 17:49:47,555 - __main__ - INFO - Recommended chunks for india: {'init_time': 7, 'lead_time': -1, 'latitude': -1, 'longitude': -1}
2025-06-29 17:49:47,555 - __main__ - INFO - Processing pangu for india, year 2018 (59 files)
2025-06-29 17:49:47,556 - __main__ - INFO - Memory at start_pangu_india_2018: RSS=0.25GB, VMS=0.88GB
2025-06-29 17:49:47,556 - __main__ - INFO - Trying strategy: minimal chunks for small region
2025-06-29 17:49:51,841 - __main__ - INFO - Successfully loaded with chunks: Frozen({'time': (1, 1, 1, 1, 1, 1, 1, 1, 1, 1, 1, 1, 1, 1, 1, 1, 1, 1, 1, 1, 1, 1, 1, 1, 1, 1, 1, 1, 1, 1, 1, 1, 1, 1, 1, 1, 1, 1, 1, 1, 1, 1, 1, 1, 1, 1, 1, 1, 1, 1, 1, 1, 1, 1, 1, 1, 1, 1, 1), 'init_time': (2, 1, 1, 2, 1, 1, 1, 1, 2, 2, 1, 1, 2, 2, 1, 1, 2, 2, 1, 1, 2, 2, 1, 1, 1, 1, 2, 1, 1, 2, 2, 1, 1, 2, 1, 1, 1, 1, 2, 2, 1, 1, 2, 2, 1, 1, 2, 2, 1, 1, 2, 2, 1, 1, 1, 1, 2, 1, 1, 2, 2, 1, 1, 2, 1, 1, 1, 1, 2, 2, 1, 1, 2, 2, 1, 1, 2, 2, 1, 1, 2, 2, 1, 1, 1, 1, 2, 1, 1, 2, 2, 1, 1, 2, 1, 1, 1, 1, 2, 2, 1, 1, 2, 2, 1, 1, 2, 2, 1, 1, 2, 2, 1, 1, 1, 1, 2, 1, 1, 2, 2, 1, 1, 2, 1, 1, 1, 1, 2, 2, 1, 1, 2, 2, 1, 1, 2, 2, 1, 1, 2, 2, 1, 1, 1, 1, 2, 1, 1, 2, 2, 1, 1, 2, 1, 1, 1, 1, 2, 2, 1, 1, 2, 2, 1, 1, 2, 2, 1, 1, 2, 2, 1, 1, 1, 1, 2, 1, 1, 2, 2, 1, 1, 2, 1, 1, 1, 1, 2, 2, 1, 1, 2, 2, 1, 1, 2, 2, 1, 1, 2, 2, 1, 1, 1, 1, 2, 1, 1, 2, 2, 1, 1, 2, 1, 1, 1, 1, 2, 2, 1, 1, 2, 2, 1, 1, 2, 2, 1, 1, 2, 2, 1, 1, 1, 1, 2, 1, 1, 2, 2, 1, 1, 2, 1, 1, 1, 1, 2, 2, 1, 1, 2, 2, 1, 1, 2, 2, 1, 1, 1), 'lead_time': (7,), 'latitude': (43,), 'longitude': (43,)})
/var/spool/slurm/job12454611/slurm_script: line 52: 4092925 Segmentation fault      python3 -u weatherbenchx/combine_and_subset.py --use-incremental
/var/spool/slurm/job12454611/slurm_script: line 60: 4092920 Terminated              monitor_progress
