2025-06-29 17:09:19,616 - __main__ - INFO - Running initial diagnostics...
2025-06-29 17:09:20,238 - __main__ - INFO - Starting region: india
2025-06-29 17:09:20,240 - __main__ - INFO - Processing pangu for india
2025-06-29 17:09:20,240 - __main__ - INFO - Memory at start_process_pangu_india: RSS=0.24GB, VMS=0.88GB
2025-06-29 17:09:20,250 - __main__ - INFO - Region india subset dimensions: {'latitude': 43, 'longitude': 43, 'lead_time': 7, 'init_time': 7}
2025-06-29 17:09:20,250 - __main__ - INFO - Recommended chunks for india: {'init_time': 2, 'lead_time': -1, 'latitude': -1, 'longitude': -1}
2025-06-29 17:09:20,250 - __main__ - INFO - Validating 296 files...
2025-06-29 17:09:20,250 - __main__ - INFO -   Validated 0/296 files...
2025-06-29 17:09:20,720 - __main__ - INFO -   Validated 10/296 files...
2025-06-29 17:09:21,391 - __main__ - INFO -   Validated 20/296 files...
2025-06-29 17:09:22,032 - __main__ - INFO -   Validated 30/296 files...
2025-06-29 17:09:22,644 - __main__ - INFO -   Validated 40/296 files...
2025-06-29 17:09:23,279 - __main__ - INFO -   Validated 50/296 files...
2025-06-29 17:09:23,930 - __main__ - INFO -   Validated 60/296 files...
2025-06-29 17:09:24,604 - __main__ - INFO -   Validated 70/296 files...
2025-06-29 17:09:25,344 - __main__ - INFO -   Validated 80/296 files...
2025-06-29 17:09:25,969 - __main__ - INFO -   Validated 90/296 files...
2025-06-29 17:09:26,902 - __main__ - INFO -   Validated 100/296 files...
2025-06-29 17:09:27,615 - __main__ - INFO -   Validated 110/296 files...
2025-06-29 17:09:28,212 - __main__ - INFO -   Validated 120/296 files...
2025-06-29 17:09:28,750 - __main__ - INFO -   Validated 130/296 files...
2025-06-29 17:09:29,353 - __main__ - INFO -   Validated 140/296 files...
2025-06-29 17:09:30,084 - __main__ - INFO -   Validated 150/296 files...
2025-06-29 17:09:30,692 - __main__ - INFO -   Validated 160/296 files...
2025-06-29 17:09:31,376 - __main__ - INFO -   Validated 170/296 files...
2025-06-29 17:09:32,107 - __main__ - INFO -   Validated 180/296 files...
2025-06-29 17:09:32,780 - __main__ - INFO -   Validated 190/296 files...
2025-06-29 17:09:33,340 - __main__ - INFO -   Validated 200/296 files...
2025-06-29 17:09:33,916 - __main__ - INFO -   Validated 210/296 files...
2025-06-29 17:09:34,484 - __main__ - INFO -   Validated 220/296 files...
2025-06-29 17:09:35,154 - __main__ - INFO -   Validated 230/296 files...
2025-06-29 17:09:35,797 - __main__ - INFO -   Validated 240/296 files...
2025-06-29 17:09:36,475 - __main__ - INFO -   Validated 250/296 files...
2025-06-29 17:09:37,107 - __main__ - INFO -   Validated 260/296 files...
2025-06-29 17:09:37,970 - __main__ - INFO -   Validated 270/296 files...
2025-06-29 17:09:38,592 - __main__ - INFO -   Validated 280/296 files...
2025-06-29 17:09:39,337 - __main__ - INFO -   Validated 290/296 files...
2025-06-29 17:09:39,740 - __main__ - INFO - Found years: ['2018', '2019', '2020', '2021', '2022']
2025-06-29 17:09:39,740 - __main__ - INFO - Processing pangu for india, year 2018 (59 files)
2025-06-29 17:09:39,740 - __main__ - INFO - Memory at start_pangu_india_2018: RSS=0.24GB, VMS=0.88GB
2025-06-29 17:09:39,740 - __main__ - INFO - Trying strategy: minimal chunks for small region
/anvil/projects/x-atm170020/ohouck/ai_weather_ag/weatherbenchx/combine_and_subset.py:425: UserWarning: The specified chunks separate the stored chunks along dimension "init_time" starting at index 2. This could degrade performance. Instead, consider rechunking after loading.
  ds = xr.open_mfdataset(file_paths, **open_kwargs)
/anvil/projects/x-atm170020/ohouck/ai_weather_ag/weatherbenchx/combine_and_subset.py:425: UserWarning: The specified chunks separate the stored chunks along dimension "init_time" starting at index 2. This could degrade performance. Instead, consider rechunking after loading.
  ds = xr.open_mfdataset(file_paths, **open_kwargs)
/anvil/projects/x-atm170020/ohouck/ai_weather_ag/weatherbenchx/combine_and_subset.py:425: UserWarning: The specified chunks separate the stored chunks along dimension "init_time" starting at index 2. This could degrade performance. Instead, consider rechunking after loading.
  ds = xr.open_mfdataset(file_paths, **open_kwargs)
/anvil/projects/x-atm170020/ohouck/ai_weather_ag/weatherbenchx/combine_and_subset.py:425: UserWarning: The specified chunks separate the stored chunks along dimension "init_time" starting at index 2. This could degrade performance. Instead, consider rechunking after loading.
  ds = xr.open_mfdataset(file_paths, **open_kwargs)
/anvil/projects/x-atm170020/ohouck/ai_weather_ag/weatherbenchx/combine_and_subset.py:425: UserWarning: The specified chunks separate the stored chunks along dimension "init_time" starting at index 2. This could degrade performance. Instead, consider rechunking after loading.
  ds = xr.open_mfdataset(file_paths, **open_kwargs)
/anvil/projects/x-atm170020/ohouck/ai_weather_ag/weatherbenchx/combine_and_subset.py:425: UserWarning: The specified chunks separate the stored chunks along dimension "init_time" starting at index 2. This could degrade performance. Instead, consider rechunking after loading.
  ds = xr.open_mfdataset(file_paths, **open_kwargs)
/anvil/projects/x-atm170020/ohouck/ai_weather_ag/weatherbenchx/combine_and_subset.py:425: UserWarning: The specified chunks separate the stored chunks along dimension "init_time" starting at index 2. This could degrade performance. Instead, consider rechunking after loading.
  ds = xr.open_mfdataset(file_paths, **open_kwargs)
/anvil/projects/x-atm170020/ohouck/ai_weather_ag/weatherbenchx/combine_and_subset.py:425: UserWarning: The specified chunks separate the stored chunks along dimension "init_time" starting at index 2. This could degrade performance. Instead, consider rechunking after loading.
  ds = xr.open_mfdataset(file_paths, **open_kwargs)
/anvil/projects/x-atm170020/ohouck/ai_weather_ag/weatherbenchx/combine_and_subset.py:425: UserWarning: The specified chunks separate the stored chunks along dimension "init_time" starting at index 2. This could degrade performance. Instead, consider rechunking after loading.
  ds = xr.open_mfdataset(file_paths, **open_kwargs)
/anvil/projects/x-atm170020/ohouck/ai_weather_ag/weatherbenchx/combine_and_subset.py:425: UserWarning: The specified chunks separate the stored chunks along dimension "init_time" starting at index 2. This could degrade performance. Instead, consider rechunking after loading.
  ds = xr.open_mfdataset(file_paths, **open_kwargs)
/anvil/projects/x-atm170020/ohouck/ai_weather_ag/weatherbenchx/combine_and_subset.py:425: UserWarning: The specified chunks separate the stored chunks along dimension "init_time" starting at index 2. This could degrade performance. Instead, consider rechunking after loading.
  ds = xr.open_mfdataset(file_paths, **open_kwargs)
/anvil/projects/x-atm170020/ohouck/ai_weather_ag/weatherbenchx/combine_and_subset.py:425: UserWarning: The specified chunks separate the stored chunks along dimension "init_time" starting at index 2. This could degrade performance. Instead, consider rechunking after loading.
  ds = xr.open_mfdataset(file_paths, **open_kwargs)
/anvil/projects/x-atm170020/ohouck/ai_weather_ag/weatherbenchx/combine_and_subset.py:425: UserWarning: The specified chunks separate the stored chunks along dimension "init_time" starting at index 2. This could degrade performance. Instead, consider rechunking after loading.
  ds = xr.open_mfdataset(file_paths, **open_kwargs)
/anvil/projects/x-atm170020/ohouck/ai_weather_ag/weatherbenchx/combine_and_subset.py:425: UserWarning: The specified chunks separate the stored chunks along dimension "init_time" starting at index 2. This could degrade performance. Instead, consider rechunking after loading.
  ds = xr.open_mfdataset(file_paths, **open_kwargs)
/anvil/projects/x-atm170020/ohouck/ai_weather_ag/weatherbenchx/combine_and_subset.py:425: UserWarning: The specified chunks separate the stored chunks along dimension "init_time" starting at index 2. This could degrade performance. Instead, consider rechunking after loading.
  ds = xr.open_mfdataset(file_paths, **open_kwargs)
/anvil/projects/x-atm170020/ohouck/ai_weather_ag/weatherbenchx/combine_and_subset.py:425: UserWarning: The specified chunks separate the stored chunks along dimension "init_time" starting at index 2. This could degrade performance. Instead, consider rechunking after loading.
  ds = xr.open_mfdataset(file_paths, **open_kwargs)
/anvil/projects/x-atm170020/ohouck/ai_weather_ag/weatherbenchx/combine_and_subset.py:425: UserWarning: The specified chunks separate the stored chunks along dimension "init_time" starting at index 2. This could degrade performance. Instead, consider rechunking after loading.
  ds = xr.open_mfdataset(file_paths, **open_kwargs)
/anvil/projects/x-atm170020/ohouck/ai_weather_ag/weatherbenchx/combine_and_subset.py:425: UserWarning: The specified chunks separate the stored chunks along dimension "init_time" starting at index 2. This could degrade performance. Instead, consider rechunking after loading.
  ds = xr.open_mfdataset(file_paths, **open_kwargs)
/anvil/projects/x-atm170020/ohouck/ai_weather_ag/weatherbenchx/combine_and_subset.py:425: UserWarning: The specified chunks separate the stored chunks along dimension "init_time" starting at index 2. This could degrade performance. Instead, consider rechunking after loading.
  ds = xr.open_mfdataset(file_paths, **open_kwargs)
/anvil/projects/x-atm170020/ohouck/ai_weather_ag/weatherbenchx/combine_and_subset.py:425: UserWarning: The specified chunks separate the stored chunks along dimension "init_time" starting at index 2. This could degrade performance. Instead, consider rechunking after loading.
  ds = xr.open_mfdataset(file_paths, **open_kwargs)
/anvil/projects/x-atm170020/ohouck/ai_weather_ag/weatherbenchx/combine_and_subset.py:425: UserWarning: The specified chunks separate the stored chunks along dimension "init_time" starting at index 2. This could degrade performance. Instead, consider rechunking after loading.
  ds = xr.open_mfdataset(file_paths, **open_kwargs)
/anvil/projects/x-atm170020/ohouck/ai_weather_ag/weatherbenchx/combine_and_subset.py:425: UserWarning: The specified chunks separate the stored chunks along dimension "init_time" starting at index 2. This could degrade performance. Instead, consider rechunking after loading.
  ds = xr.open_mfdataset(file_paths, **open_kwargs)
/anvil/projects/x-atm170020/ohouck/ai_weather_ag/weatherbenchx/combine_and_subset.py:425: UserWarning: The specified chunks separate the stored chunks along dimension "init_time" starting at index 2. This could degrade performance. Instead, consider rechunking after loading.
  ds = xr.open_mfdataset(file_paths, **open_kwargs)
/anvil/projects/x-atm170020/ohouck/ai_weather_ag/weatherbenchx/combine_and_subset.py:425: UserWarning: The specified chunks separate the stored chunks along dimension "init_time" starting at index 2. This could degrade performance. Instead, consider rechunking after loading.
  ds = xr.open_mfdataset(file_paths, **open_kwargs)
/anvil/projects/x-atm170020/ohouck/ai_weather_ag/weatherbenchx/combine_and_subset.py:425: UserWarning: The specified chunks separate the stored chunks along dimension "init_time" starting at index 2. This could degrade performance. Instead, consider rechunking after loading.
  ds = xr.open_mfdataset(file_paths, **open_kwargs)
/anvil/projects/x-atm170020/ohouck/ai_weather_ag/weatherbenchx/combine_and_subset.py:425: UserWarning: The specified chunks separate the stored chunks along dimension "init_time" starting at index 2. This could degrade performance. Instead, consider rechunking after loading.
  ds = xr.open_mfdataset(file_paths, **open_kwargs)
/anvil/projects/x-atm170020/ohouck/ai_weather_ag/weatherbenchx/combine_and_subset.py:425: UserWarning: The specified chunks separate the stored chunks along dimension "init_time" starting at index 2. This could degrade performance. Instead, consider rechunking after loading.
  ds = xr.open_mfdataset(file_paths, **open_kwargs)
/anvil/projects/x-atm170020/ohouck/ai_weather_ag/weatherbenchx/combine_and_subset.py:425: UserWarning: The specified chunks separate the stored chunks along dimension "init_time" starting at index 2. This could degrade performance. Instead, consider rechunking after loading.
  ds = xr.open_mfdataset(file_paths, **open_kwargs)
/anvil/projects/x-atm170020/ohouck/ai_weather_ag/weatherbenchx/combine_and_subset.py:425: UserWarning: The specified chunks separate the stored chunks along dimension "init_time" starting at index 2. This could degrade performance. Instead, consider rechunking after loading.
  ds = xr.open_mfdataset(file_paths, **open_kwargs)
/anvil/projects/x-atm170020/ohouck/ai_weather_ag/weatherbenchx/combine_and_subset.py:425: UserWarning: The specified chunks separate the stored chunks along dimension "init_time" starting at index 2. This could degrade performance. Instead, consider rechunking after loading.
  ds = xr.open_mfdataset(file_paths, **open_kwargs)
/anvil/projects/x-atm170020/ohouck/ai_weather_ag/weatherbenchx/combine_and_subset.py:425: UserWarning: The specified chunks separate the stored chunks along dimension "init_time" starting at index 2. This could degrade performance. Instead, consider rechunking after loading.
  ds = xr.open_mfdataset(file_paths, **open_kwargs)
/anvil/projects/x-atm170020/ohouck/ai_weather_ag/weatherbenchx/combine_and_subset.py:425: UserWarning: The specified chunks separate the stored chunks along dimension "init_time" starting at index 2. This could degrade performance. Instead, consider rechunking after loading.
  ds = xr.open_mfdataset(file_paths, **open_kwargs)
/anvil/projects/x-atm170020/ohouck/ai_weather_ag/weatherbenchx/combine_and_subset.py:425: UserWarning: The specified chunks separate the stored chunks along dimension "init_time" starting at index 2. This could degrade performance. Instead, consider rechunking after loading.
  ds = xr.open_mfdataset(file_paths, **open_kwargs)
/anvil/projects/x-atm170020/ohouck/ai_weather_ag/weatherbenchx/combine_and_subset.py:425: UserWarning: The specified chunks separate the stored chunks along dimension "init_time" starting at index 2. This could degrade performance. Instead, consider rechunking after loading.
  ds = xr.open_mfdataset(file_paths, **open_kwargs)
/anvil/projects/x-atm170020/ohouck/ai_weather_ag/weatherbenchx/combine_and_subset.py:425: UserWarning: The specified chunks separate the stored chunks along dimension "init_time" starting at index 2. This could degrade performance. Instead, consider rechunking after loading.
  ds = xr.open_mfdataset(file_paths, **open_kwargs)
/anvil/projects/x-atm170020/ohouck/ai_weather_ag/weatherbenchx/combine_and_subset.py:425: UserWarning: The specified chunks separate the stored chunks along dimension "init_time" starting at index 2. This could degrade performance. Instead, consider rechunking after loading.
  ds = xr.open_mfdataset(file_paths, **open_kwargs)
/anvil/projects/x-atm170020/ohouck/ai_weather_ag/weatherbenchx/combine_and_subset.py:425: UserWarning: The specified chunks separate the stored chunks along dimension "init_time" starting at index 2. This could degrade performance. Instead, consider rechunking after loading.
  ds = xr.open_mfdataset(file_paths, **open_kwargs)
/anvil/projects/x-atm170020/ohouck/ai_weather_ag/weatherbenchx/combine_and_subset.py:425: UserWarning: The specified chunks separate the stored chunks along dimension "init_time" starting at index 2. This could degrade performance. Instead, consider rechunking after loading.
  ds = xr.open_mfdataset(file_paths, **open_kwargs)
/anvil/projects/x-atm170020/ohouck/ai_weather_ag/weatherbenchx/combine_and_subset.py:425: UserWarning: The specified chunks separate the stored chunks along dimension "init_time" starting at index 2. This could degrade performance. Instead, consider rechunking after loading.
  ds = xr.open_mfdataset(file_paths, **open_kwargs)
/anvil/projects/x-atm170020/ohouck/ai_weather_ag/weatherbenchx/combine_and_subset.py:425: UserWarning: The specified chunks separate the stored chunks along dimension "init_time" starting at index 2. This could degrade performance. Instead, consider rechunking after loading.
  ds = xr.open_mfdataset(file_paths, **open_kwargs)
/anvil/projects/x-atm170020/ohouck/ai_weather_ag/weatherbenchx/combine_and_subset.py:425: UserWarning: The specified chunks separate the stored chunks along dimension "init_time" starting at index 2. This could degrade performance. Instead, consider rechunking after loading.
  ds = xr.open_mfdataset(file_paths, **open_kwargs)
/anvil/projects/x-atm170020/ohouck/ai_weather_ag/weatherbenchx/combine_and_subset.py:425: UserWarning: The specified chunks separate the stored chunks along dimension "init_time" starting at index 2. This could degrade performance. Instead, consider rechunking after loading.
  ds = xr.open_mfdataset(file_paths, **open_kwargs)
/anvil/projects/x-atm170020/ohouck/ai_weather_ag/weatherbenchx/combine_and_subset.py:425: UserWarning: The specified chunks separate the stored chunks along dimension "init_time" starting at index 2. This could degrade performance. Instead, consider rechunking after loading.
  ds = xr.open_mfdataset(file_paths, **open_kwargs)
/anvil/projects/x-atm170020/ohouck/ai_weather_ag/weatherbenchx/combine_and_subset.py:425: UserWarning: The specified chunks separate the stored chunks along dimension "init_time" starting at index 2. This could degrade performance. Instead, consider rechunking after loading.
  ds = xr.open_mfdataset(file_paths, **open_kwargs)
/anvil/projects/x-atm170020/ohouck/ai_weather_ag/weatherbenchx/combine_and_subset.py:425: UserWarning: The specified chunks separate the stored chunks along dimension "init_time" starting at index 2. This could degrade performance. Instead, consider rechunking after loading.
  ds = xr.open_mfdataset(file_paths, **open_kwargs)
/anvil/projects/x-atm170020/ohouck/ai_weather_ag/weatherbenchx/combine_and_subset.py:425: UserWarning: The specified chunks separate the stored chunks along dimension "init_time" starting at index 2. This could degrade performance. Instead, consider rechunking after loading.
  ds = xr.open_mfdataset(file_paths, **open_kwargs)
/anvil/projects/x-atm170020/ohouck/ai_weather_ag/weatherbenchx/combine_and_subset.py:425: UserWarning: The specified chunks separate the stored chunks along dimension "init_time" starting at index 2. This could degrade performance. Instead, consider rechunking after loading.
  ds = xr.open_mfdataset(file_paths, **open_kwargs)
/anvil/projects/x-atm170020/ohouck/ai_weather_ag/weatherbenchx/combine_and_subset.py:425: UserWarning: The specified chunks separate the stored chunks along dimension "init_time" starting at index 2. This could degrade performance. Instead, consider rechunking after loading.
  ds = xr.open_mfdataset(file_paths, **open_kwargs)
2025-06-29 17:09:49,710 - __main__ - INFO - Successfully loaded with chunks: Frozen({'time': (1, 1, 1, 1, 1, 1, 1, 1, 1, 1, 1, 1, 1, 1, 1, 1, 1, 1, 1, 1, 1, 1, 1, 1, 1, 1, 1, 1, 1, 1, 1, 1, 1, 1, 1, 1, 1, 1, 1, 1, 1, 1, 1, 1, 1, 1, 1, 1, 1, 1, 1, 1, 1, 1, 1, 1, 1, 1, 1), 'init_time': (1, 1, 1, 1, 1, 1, 1, 1, 1, 1, 1, 1, 1, 1, 1, 1, 1, 1, 1, 1, 1, 1, 1, 1, 1, 1, 1, 1, 1, 1, 1, 1, 1, 1, 1, 1, 1, 1, 1, 1, 1, 1, 1, 1, 1, 1, 1, 1, 1, 1, 1, 1, 1, 1, 1, 1, 1, 1, 1, 1, 1, 1, 1, 1, 1, 1, 1, 1, 1, 1, 1, 1, 1, 1, 1, 1, 1, 1, 1, 1, 1, 1, 1, 1, 1, 1, 1, 1, 1, 1, 1, 1, 1, 1, 1, 1, 1, 1, 1, 1, 1, 1, 1, 1, 1, 1, 1, 1, 1, 1, 1, 1, 1, 1, 1, 1, 1, 1, 1, 1, 1, 1, 1, 1, 1, 1, 1, 1, 1, 1, 1, 1, 1, 1, 1, 1, 1, 1, 1, 1, 1, 1, 1, 1, 1, 1, 1, 1, 1, 1, 1, 1, 1, 1, 1, 1, 1, 1, 1, 1, 1, 1, 1, 1, 1, 1, 1, 1, 1, 1, 1, 1, 1, 1, 1, 1, 1, 1, 1, 1, 1, 1, 1, 1, 1, 1, 1, 1, 1, 1, 1, 1, 1, 1, 1, 1, 1, 1, 1, 1, 1, 1, 1, 1, 1, 1, 1, 1, 1, 1, 1, 1, 1, 1, 1, 1, 1, 1, 1, 1, 1, 1, 1, 1, 1, 1, 1, 1, 1, 1, 1, 1, 1, 1, 1, 1, 1, 1, 1, 1, 1, 1, 1, 1, 1, 1, 1, 1, 1, 1, 1, 1, 1, 1, 1, 1, 1, 1, 1, 1, 1, 1, 1, 1, 1, 1, 1, 1, 1, 1, 1, 1, 1, 1, 1, 1, 1, 1, 1, 1, 1, 1, 1, 1, 1, 1, 1, 1, 1, 1, 1, 1, 1, 1, 1, 1, 1, 1, 1, 1, 1, 1, 1, 1, 1, 1, 1, 1, 1, 1, 1, 1, 1, 1, 1, 1, 1, 1, 1, 1, 1, 1, 1, 1, 1, 1, 1, 1, 1, 1, 1, 1, 1, 1, 1, 1, 1, 1, 1, 1, 1, 1, 1, 1, 1, 1, 1, 1, 1, 1, 1, 1, 1, 1, 1, 1, 1, 1, 1, 1, 1, 1, 1, 1, 1), 'lead_time': (7,), 'latitude': (43,), 'longitude': (43,)})
2025-06-29 17:09:49,710 - __main__ - INFO - Memory at after_year_2018: RSS=0.50GB, VMS=1.14GB
2025-06-29 17:09:50,006 - __main__ - INFO - Processing pangu for india, year 2019 (59 files)
2025-06-29 17:09:50,006 - __main__ - INFO - Memory at start_pangu_india_2019: RSS=0.50GB, VMS=1.14GB
2025-06-29 17:09:50,006 - __main__ - INFO - Trying strategy: minimal chunks for small region
/anvil/projects/x-atm170020/ohouck/ai_weather_ag/weatherbenchx/combine_and_subset.py:425: UserWarning: The specified chunks separate the stored chunks along dimension "init_time" starting at index 2. This could degrade performance. Instead, consider rechunking after loading.
  ds = xr.open_mfdataset(file_paths, **open_kwargs)
/anvil/projects/x-atm170020/ohouck/ai_weather_ag/weatherbenchx/combine_and_subset.py:425: UserWarning: The specified chunks separate the stored chunks along dimension "init_time" starting at index 2. This could degrade performance. Instead, consider rechunking after loading.
  ds = xr.open_mfdataset(file_paths, **open_kwargs)
/anvil/projects/x-atm170020/ohouck/ai_weather_ag/weatherbenchx/combine_and_subset.py:425: UserWarning: The specified chunks separate the stored chunks along dimension "init_time" starting at index 2. This could degrade performance. Instead, consider rechunking after loading.
  ds = xr.open_mfdataset(file_paths, **open_kwargs)
/anvil/projects/x-atm170020/ohouck/ai_weather_ag/weatherbenchx/combine_and_subset.py:425: UserWarning: The specified chunks separate the stored chunks along dimension "init_time" starting at index 2. This could degrade performance. Instead, consider rechunking after loading.
  ds = xr.open_mfdataset(file_paths, **open_kwargs)
/anvil/projects/x-atm170020/ohouck/ai_weather_ag/weatherbenchx/combine_and_subset.py:425: UserWarning: The specified chunks separate the stored chunks along dimension "init_time" starting at index 2. This could degrade performance. Instead, consider rechunking after loading.
  ds = xr.open_mfdataset(file_paths, **open_kwargs)
/anvil/projects/x-atm170020/ohouck/ai_weather_ag/weatherbenchx/combine_and_subset.py:425: UserWarning: The specified chunks separate the stored chunks along dimension "init_time" starting at index 2. This could degrade performance. Instead, consider rechunking after loading.
  ds = xr.open_mfdataset(file_paths, **open_kwargs)
/anvil/projects/x-atm170020/ohouck/ai_weather_ag/weatherbenchx/combine_and_subset.py:425: UserWarning: The specified chunks separate the stored chunks along dimension "init_time" starting at index 2. This could degrade performance. Instead, consider rechunking after loading.
  ds = xr.open_mfdataset(file_paths, **open_kwargs)
/anvil/projects/x-atm170020/ohouck/ai_weather_ag/weatherbenchx/combine_and_subset.py:425: UserWarning: The specified chunks separate the stored chunks along dimension "init_time" starting at index 2. This could degrade performance. Instead, consider rechunking after loading.
  ds = xr.open_mfdataset(file_paths, **open_kwargs)
/anvil/projects/x-atm170020/ohouck/ai_weather_ag/weatherbenchx/combine_and_subset.py:425: UserWarning: The specified chunks separate the stored chunks along dimension "init_time" starting at index 2. This could degrade performance. Instead, consider rechunking after loading.
  ds = xr.open_mfdataset(file_paths, **open_kwargs)
/anvil/projects/x-atm170020/ohouck/ai_weather_ag/weatherbenchx/combine_and_subset.py:425: UserWarning: The specified chunks separate the stored chunks along dimension "init_time" starting at index 2. This could degrade performance. Instead, consider rechunking after loading.
  ds = xr.open_mfdataset(file_paths, **open_kwargs)
/anvil/projects/x-atm170020/ohouck/ai_weather_ag/weatherbenchx/combine_and_subset.py:425: UserWarning: The specified chunks separate the stored chunks along dimension "init_time" starting at index 2. This could degrade performance. Instead, consider rechunking after loading.
  ds = xr.open_mfdataset(file_paths, **open_kwargs)
/anvil/projects/x-atm170020/ohouck/ai_weather_ag/weatherbenchx/combine_and_subset.py:425: UserWarning: The specified chunks separate the stored chunks along dimension "init_time" starting at index 2. This could degrade performance. Instead, consider rechunking after loading.
  ds = xr.open_mfdataset(file_paths, **open_kwargs)
/anvil/projects/x-atm170020/ohouck/ai_weather_ag/weatherbenchx/combine_and_subset.py:425: UserWarning: The specified chunks separate the stored chunks along dimension "init_time" starting at index 2. This could degrade performance. Instead, consider rechunking after loading.
  ds = xr.open_mfdataset(file_paths, **open_kwargs)
/anvil/projects/x-atm170020/ohouck/ai_weather_ag/weatherbenchx/combine_and_subset.py:425: UserWarning: The specified chunks separate the stored chunks along dimension "init_time" starting at index 2. This could degrade performance. Instead, consider rechunking after loading.
  ds = xr.open_mfdataset(file_paths, **open_kwargs)
/anvil/projects/x-atm170020/ohouck/ai_weather_ag/weatherbenchx/combine_and_subset.py:425: UserWarning: The specified chunks separate the stored chunks along dimension "init_time" starting at index 2. This could degrade performance. Instead, consider rechunking after loading.
  ds = xr.open_mfdataset(file_paths, **open_kwargs)
/anvil/projects/x-atm170020/ohouck/ai_weather_ag/weatherbenchx/combine_and_subset.py:425: UserWarning: The specified chunks separate the stored chunks along dimension "init_time" starting at index 2. This could degrade performance. Instead, consider rechunking after loading.
  ds = xr.open_mfdataset(file_paths, **open_kwargs)
/anvil/projects/x-atm170020/ohouck/ai_weather_ag/weatherbenchx/combine_and_subset.py:425: UserWarning: The specified chunks separate the stored chunks along dimension "init_time" starting at index 2. This could degrade performance. Instead, consider rechunking after loading.
  ds = xr.open_mfdataset(file_paths, **open_kwargs)
/anvil/projects/x-atm170020/ohouck/ai_weather_ag/weatherbenchx/combine_and_subset.py:425: UserWarning: The specified chunks separate the stored chunks along dimension "init_time" starting at index 2. This could degrade performance. Instead, consider rechunking after loading.
  ds = xr.open_mfdataset(file_paths, **open_kwargs)
/anvil/projects/x-atm170020/ohouck/ai_weather_ag/weatherbenchx/combine_and_subset.py:425: UserWarning: The specified chunks separate the stored chunks along dimension "init_time" starting at index 2. This could degrade performance. Instead, consider rechunking after loading.
  ds = xr.open_mfdataset(file_paths, **open_kwargs)
/anvil/projects/x-atm170020/ohouck/ai_weather_ag/weatherbenchx/combine_and_subset.py:425: UserWarning: The specified chunks separate the stored chunks along dimension "init_time" starting at index 2. This could degrade performance. Instead, consider rechunking after loading.
  ds = xr.open_mfdataset(file_paths, **open_kwargs)
/anvil/projects/x-atm170020/ohouck/ai_weather_ag/weatherbenchx/combine_and_subset.py:425: UserWarning: The specified chunks separate the stored chunks along dimension "init_time" starting at index 2. This could degrade performance. Instead, consider rechunking after loading.
  ds = xr.open_mfdataset(file_paths, **open_kwargs)
/anvil/projects/x-atm170020/ohouck/ai_weather_ag/weatherbenchx/combine_and_subset.py:425: UserWarning: The specified chunks separate the stored chunks along dimension "init_time" starting at index 2. This could degrade performance. Instead, consider rechunking after loading.
  ds = xr.open_mfdataset(file_paths, **open_kwargs)
/anvil/projects/x-atm170020/ohouck/ai_weather_ag/weatherbenchx/combine_and_subset.py:425: UserWarning: The specified chunks separate the stored chunks along dimension "init_time" starting at index 2. This could degrade performance. Instead, consider rechunking after loading.
  ds = xr.open_mfdataset(file_paths, **open_kwargs)
/anvil/projects/x-atm170020/ohouck/ai_weather_ag/weatherbenchx/combine_and_subset.py:425: UserWarning: The specified chunks separate the stored chunks along dimension "init_time" starting at index 2. This could degrade performance. Instead, consider rechunking after loading.
  ds = xr.open_mfdataset(file_paths, **open_kwargs)
/anvil/projects/x-atm170020/ohouck/ai_weather_ag/weatherbenchx/combine_and_subset.py:425: UserWarning: The specified chunks separate the stored chunks along dimension "init_time" starting at index 2. This could degrade performance. Instead, consider rechunking after loading.
  ds = xr.open_mfdataset(file_paths, **open_kwargs)
/anvil/projects/x-atm170020/ohouck/ai_weather_ag/weatherbenchx/combine_and_subset.py:425: UserWarning: The specified chunks separate the stored chunks along dimension "init_time" starting at index 2. This could degrade performance. Instead, consider rechunking after loading.
  ds = xr.open_mfdataset(file_paths, **open_kwargs)
/anvil/projects/x-atm170020/ohouck/ai_weather_ag/weatherbenchx/combine_and_subset.py:425: UserWarning: The specified chunks separate the stored chunks along dimension "init_time" starting at index 2. This could degrade performance. Instead, consider rechunking after loading.
  ds = xr.open_mfdataset(file_paths, **open_kwargs)
/anvil/projects/x-atm170020/ohouck/ai_weather_ag/weatherbenchx/combine_and_subset.py:425: UserWarning: The specified chunks separate the stored chunks along dimension "init_time" starting at index 2. This could degrade performance. Instead, consider rechunking after loading.
  ds = xr.open_mfdataset(file_paths, **open_kwargs)
/anvil/projects/x-atm170020/ohouck/ai_weather_ag/weatherbenchx/combine_and_subset.py:425: UserWarning: The specified chunks separate the stored chunks along dimension "init_time" starting at index 2. This could degrade performance. Instead, consider rechunking after loading.
  ds = xr.open_mfdataset(file_paths, **open_kwargs)
/anvil/projects/x-atm170020/ohouck/ai_weather_ag/weatherbenchx/combine_and_subset.py:425: UserWarning: The specified chunks separate the stored chunks along dimension "init_time" starting at index 2. This could degrade performance. Instead, consider rechunking after loading.
  ds = xr.open_mfdataset(file_paths, **open_kwargs)
/anvil/projects/x-atm170020/ohouck/ai_weather_ag/weatherbenchx/combine_and_subset.py:425: UserWarning: The specified chunks separate the stored chunks along dimension "init_time" starting at index 2. This could degrade performance. Instead, consider rechunking after loading.
  ds = xr.open_mfdataset(file_paths, **open_kwargs)
/anvil/projects/x-atm170020/ohouck/ai_weather_ag/weatherbenchx/combine_and_subset.py:425: UserWarning: The specified chunks separate the stored chunks along dimension "init_time" starting at index 2. This could degrade performance. Instead, consider rechunking after loading.
  ds = xr.open_mfdataset(file_paths, **open_kwargs)
/anvil/projects/x-atm170020/ohouck/ai_weather_ag/weatherbenchx/combine_and_subset.py:425: UserWarning: The specified chunks separate the stored chunks along dimension "init_time" starting at index 2. This could degrade performance. Instead, consider rechunking after loading.
  ds = xr.open_mfdataset(file_paths, **open_kwargs)
/anvil/projects/x-atm170020/ohouck/ai_weather_ag/weatherbenchx/combine_and_subset.py:425: UserWarning: The specified chunks separate the stored chunks along dimension "init_time" starting at index 2. This could degrade performance. Instead, consider rechunking after loading.
  ds = xr.open_mfdataset(file_paths, **open_kwargs)
/anvil/projects/x-atm170020/ohouck/ai_weather_ag/weatherbenchx/combine_and_subset.py:425: UserWarning: The specified chunks separate the stored chunks along dimension "init_time" starting at index 2. This could degrade performance. Instead, consider rechunking after loading.
  ds = xr.open_mfdataset(file_paths, **open_kwargs)
/anvil/projects/x-atm170020/ohouck/ai_weather_ag/weatherbenchx/combine_and_subset.py:425: UserWarning: The specified chunks separate the stored chunks along dimension "init_time" starting at index 2. This could degrade performance. Instead, consider rechunking after loading.
  ds = xr.open_mfdataset(file_paths, **open_kwargs)
/anvil/projects/x-atm170020/ohouck/ai_weather_ag/weatherbenchx/combine_and_subset.py:425: UserWarning: The specified chunks separate the stored chunks along dimension "init_time" starting at index 2. This could degrade performance. Instead, consider rechunking after loading.
  ds = xr.open_mfdataset(file_paths, **open_kwargs)
/anvil/projects/x-atm170020/ohouck/ai_weather_ag/weatherbenchx/combine_and_subset.py:425: UserWarning: The specified chunks separate the stored chunks along dimension "init_time" starting at index 2. This could degrade performance. Instead, consider rechunking after loading.
  ds = xr.open_mfdataset(file_paths, **open_kwargs)
/anvil/projects/x-atm170020/ohouck/ai_weather_ag/weatherbenchx/combine_and_subset.py:425: UserWarning: The specified chunks separate the stored chunks along dimension "init_time" starting at index 2. This could degrade performance. Instead, consider rechunking after loading.
  ds = xr.open_mfdataset(file_paths, **open_kwargs)
/anvil/projects/x-atm170020/ohouck/ai_weather_ag/weatherbenchx/combine_and_subset.py:425: UserWarning: The specified chunks separate the stored chunks along dimension "init_time" starting at index 2. This could degrade performance. Instead, consider rechunking after loading.
  ds = xr.open_mfdataset(file_paths, **open_kwargs)
/anvil/projects/x-atm170020/ohouck/ai_weather_ag/weatherbenchx/combine_and_subset.py:425: UserWarning: The specified chunks separate the stored chunks along dimension "init_time" starting at index 2. This could degrade performance. Instead, consider rechunking after loading.
  ds = xr.open_mfdataset(file_paths, **open_kwargs)
/anvil/projects/x-atm170020/ohouck/ai_weather_ag/weatherbenchx/combine_and_subset.py:425: UserWarning: The specified chunks separate the stored chunks along dimension "init_time" starting at index 2. This could degrade performance. Instead, consider rechunking after loading.
  ds = xr.open_mfdataset(file_paths, **open_kwargs)
/anvil/projects/x-atm170020/ohouck/ai_weather_ag/weatherbenchx/combine_and_subset.py:425: UserWarning: The specified chunks separate the stored chunks along dimension "init_time" starting at index 2. This could degrade performance. Instead, consider rechunking after loading.
  ds = xr.open_mfdataset(file_paths, **open_kwargs)
/anvil/projects/x-atm170020/ohouck/ai_weather_ag/weatherbenchx/combine_and_subset.py:425: UserWarning: The specified chunks separate the stored chunks along dimension "init_time" starting at index 2. This could degrade performance. Instead, consider rechunking after loading.
  ds = xr.open_mfdataset(file_paths, **open_kwargs)
/anvil/projects/x-atm170020/ohouck/ai_weather_ag/weatherbenchx/combine_and_subset.py:425: UserWarning: The specified chunks separate the stored chunks along dimension "init_time" starting at index 2. This could degrade performance. Instead, consider rechunking after loading.
  ds = xr.open_mfdataset(file_paths, **open_kwargs)
/anvil/projects/x-atm170020/ohouck/ai_weather_ag/weatherbenchx/combine_and_subset.py:425: UserWarning: The specified chunks separate the stored chunks along dimension "init_time" starting at index 2. This could degrade performance. Instead, consider rechunking after loading.
  ds = xr.open_mfdataset(file_paths, **open_kwargs)
/anvil/projects/x-atm170020/ohouck/ai_weather_ag/weatherbenchx/combine_and_subset.py:425: UserWarning: The specified chunks separate the stored chunks along dimension "init_time" starting at index 2. This could degrade performance. Instead, consider rechunking after loading.
  ds = xr.open_mfdataset(file_paths, **open_kwargs)
/anvil/projects/x-atm170020/ohouck/ai_weather_ag/weatherbenchx/combine_and_subset.py:425: UserWarning: The specified chunks separate the stored chunks along dimension "init_time" starting at index 2. This could degrade performance. Instead, consider rechunking after loading.
  ds = xr.open_mfdataset(file_paths, **open_kwargs)
2025-06-29 17:09:59,681 - __main__ - INFO - Successfully loaded with chunks: Frozen({'time': (1, 1, 1, 1, 1, 1, 1, 1, 1, 1, 1, 1, 1, 1, 1, 1, 1, 1, 1, 1, 1, 1, 1, 1, 1, 1, 1, 1, 1, 1, 1, 1, 1, 1, 1, 1, 1, 1, 1, 1, 1, 1, 1, 1, 1, 1, 1, 1, 1, 1, 1, 1, 1, 1, 1, 1, 1, 1, 1), 'init_time': (1, 1, 1, 1, 1, 1, 1, 1, 1, 1, 1, 1, 1, 1, 1, 1, 1, 1, 1, 1, 1, 1, 1, 1, 1, 1, 1, 1, 1, 1, 1, 1, 1, 1, 1, 1, 1, 1, 1, 1, 1, 1, 1, 1, 1, 1, 1, 1, 1, 1, 1, 1, 1, 1, 1, 1, 1, 1, 1, 1, 1, 1, 1, 1, 1, 1, 1, 1, 1, 1, 1, 1, 1, 1, 1, 1, 1, 1, 1, 1, 1, 1, 1, 1, 1, 1, 1, 1, 1, 1, 1, 1, 1, 1, 1, 1, 1, 1, 1, 1, 1, 1, 1, 1, 1, 1, 1, 1, 1, 1, 1, 1, 1, 1, 1, 1, 1, 1, 1, 1, 1, 1, 1, 1, 1, 1, 1, 1, 1, 1, 1, 1, 1, 1, 1, 1, 1, 1, 1, 1, 1, 1, 1, 1, 1, 1, 1, 1, 1, 1, 1, 1, 1, 1, 1, 1, 1, 1, 1, 1, 1, 1, 1, 1, 1, 1, 1, 1, 1, 1, 1, 1, 1, 1, 1, 1, 1, 1, 1, 1, 1, 1, 1, 1, 1, 1, 1, 1, 1, 1, 1, 1, 1, 1, 1, 1, 1, 1, 1, 1, 1, 1, 1, 1, 1, 1, 1, 1, 1, 1, 1, 1, 1, 1, 1, 1, 1, 1, 1, 1, 1, 1, 1, 1, 1, 1, 1, 1, 1, 1, 1, 1, 1, 1, 1, 1, 1, 1, 1, 1, 1, 1, 1, 1, 1, 1, 1, 1, 1, 1, 1, 1, 1, 1, 1, 1, 1, 1, 1, 1, 1, 1, 1, 1, 1, 1, 1, 1, 1, 1, 1, 1, 1, 1, 1, 1, 1, 1, 1, 1, 1, 1, 1, 1, 1, 1, 1, 1, 1, 1, 1, 1, 1, 1, 1, 1, 1, 1, 1, 1, 1, 1, 1, 1, 1, 1, 1, 1, 1, 1, 1, 1, 1, 1, 1, 1, 1, 1, 1, 1, 1, 1, 1, 1, 1, 1, 1, 1, 1, 1, 1, 1, 1, 1, 1, 1, 1, 1, 1, 1, 1, 1, 1, 1, 1, 1, 1, 1, 1, 1, 1, 1, 1, 1, 1, 1, 1, 1, 1, 1, 1, 1, 1, 1, 1), 'lead_time': (7,), 'latitude': (43,), 'longitude': (43,)})
2025-06-29 17:09:59,681 - __main__ - INFO - Memory at after_year_2019: RSS=0.76GB, VMS=1.40GB
2025-06-29 17:10:00,232 - __main__ - INFO - Processing pangu for india, year 2020 (60 files)
2025-06-29 17:10:00,233 - __main__ - INFO - Memory at start_pangu_india_2020: RSS=0.76GB, VMS=1.40GB
2025-06-29 17:10:00,233 - __main__ - INFO - Trying strategy: minimal chunks for small region
/anvil/projects/x-atm170020/ohouck/ai_weather_ag/weatherbenchx/combine_and_subset.py:425: UserWarning: The specified chunks separate the stored chunks along dimension "init_time" starting at index 2. This could degrade performance. Instead, consider rechunking after loading.
  ds = xr.open_mfdataset(file_paths, **open_kwargs)
/anvil/projects/x-atm170020/ohouck/ai_weather_ag/weatherbenchx/combine_and_subset.py:425: UserWarning: The specified chunks separate the stored chunks along dimension "init_time" starting at index 2. This could degrade performance. Instead, consider rechunking after loading.
  ds = xr.open_mfdataset(file_paths, **open_kwargs)
/anvil/projects/x-atm170020/ohouck/ai_weather_ag/weatherbenchx/combine_and_subset.py:425: UserWarning: The specified chunks separate the stored chunks along dimension "init_time" starting at index 2. This could degrade performance. Instead, consider rechunking after loading.
  ds = xr.open_mfdataset(file_paths, **open_kwargs)
/anvil/projects/x-atm170020/ohouck/ai_weather_ag/weatherbenchx/combine_and_subset.py:425: UserWarning: The specified chunks separate the stored chunks along dimension "init_time" starting at index 2. This could degrade performance. Instead, consider rechunking after loading.
  ds = xr.open_mfdataset(file_paths, **open_kwargs)
/anvil/projects/x-atm170020/ohouck/ai_weather_ag/weatherbenchx/combine_and_subset.py:425: UserWarning: The specified chunks separate the stored chunks along dimension "init_time" starting at index 2. This could degrade performance. Instead, consider rechunking after loading.
  ds = xr.open_mfdataset(file_paths, **open_kwargs)
/anvil/projects/x-atm170020/ohouck/ai_weather_ag/weatherbenchx/combine_and_subset.py:425: UserWarning: The specified chunks separate the stored chunks along dimension "init_time" starting at index 2. This could degrade performance. Instead, consider rechunking after loading.
  ds = xr.open_mfdataset(file_paths, **open_kwargs)
/anvil/projects/x-atm170020/ohouck/ai_weather_ag/weatherbenchx/combine_and_subset.py:425: UserWarning: The specified chunks separate the stored chunks along dimension "init_time" starting at index 2. This could degrade performance. Instead, consider rechunking after loading.
  ds = xr.open_mfdataset(file_paths, **open_kwargs)
/anvil/projects/x-atm170020/ohouck/ai_weather_ag/weatherbenchx/combine_and_subset.py:425: UserWarning: The specified chunks separate the stored chunks along dimension "init_time" starting at index 2. This could degrade performance. Instead, consider rechunking after loading.
  ds = xr.open_mfdataset(file_paths, **open_kwargs)
/anvil/projects/x-atm170020/ohouck/ai_weather_ag/weatherbenchx/combine_and_subset.py:425: UserWarning: The specified chunks separate the stored chunks along dimension "init_time" starting at index 2. This could degrade performance. Instead, consider rechunking after loading.
  ds = xr.open_mfdataset(file_paths, **open_kwargs)
/anvil/projects/x-atm170020/ohouck/ai_weather_ag/weatherbenchx/combine_and_subset.py:425: UserWarning: The specified chunks separate the stored chunks along dimension "init_time" starting at index 2. This could degrade performance. Instead, consider rechunking after loading.
  ds = xr.open_mfdataset(file_paths, **open_kwargs)
/anvil/projects/x-atm170020/ohouck/ai_weather_ag/weatherbenchx/combine_and_subset.py:425: UserWarning: The specified chunks separate the stored chunks along dimension "init_time" starting at index 2. This could degrade performance. Instead, consider rechunking after loading.
  ds = xr.open_mfdataset(file_paths, **open_kwargs)
/anvil/projects/x-atm170020/ohouck/ai_weather_ag/weatherbenchx/combine_and_subset.py:425: UserWarning: The specified chunks separate the stored chunks along dimension "init_time" starting at index 2. This could degrade performance. Instead, consider rechunking after loading.
  ds = xr.open_mfdataset(file_paths, **open_kwargs)
/anvil/projects/x-atm170020/ohouck/ai_weather_ag/weatherbenchx/combine_and_subset.py:425: UserWarning: The specified chunks separate the stored chunks along dimension "init_time" starting at index 2. This could degrade performance. Instead, consider rechunking after loading.
  ds = xr.open_mfdataset(file_paths, **open_kwargs)
/anvil/projects/x-atm170020/ohouck/ai_weather_ag/weatherbenchx/combine_and_subset.py:425: UserWarning: The specified chunks separate the stored chunks along dimension "init_time" starting at index 2. This could degrade performance. Instead, consider rechunking after loading.
  ds = xr.open_mfdataset(file_paths, **open_kwargs)
/anvil/projects/x-atm170020/ohouck/ai_weather_ag/weatherbenchx/combine_and_subset.py:425: UserWarning: The specified chunks separate the stored chunks along dimension "init_time" starting at index 2. This could degrade performance. Instead, consider rechunking after loading.
  ds = xr.open_mfdataset(file_paths, **open_kwargs)
/anvil/projects/x-atm170020/ohouck/ai_weather_ag/weatherbenchx/combine_and_subset.py:425: UserWarning: The specified chunks separate the stored chunks along dimension "init_time" starting at index 2. This could degrade performance. Instead, consider rechunking after loading.
  ds = xr.open_mfdataset(file_paths, **open_kwargs)
/anvil/projects/x-atm170020/ohouck/ai_weather_ag/weatherbenchx/combine_and_subset.py:425: UserWarning: The specified chunks separate the stored chunks along dimension "init_time" starting at index 2. This could degrade performance. Instead, consider rechunking after loading.
  ds = xr.open_mfdataset(file_paths, **open_kwargs)
/anvil/projects/x-atm170020/ohouck/ai_weather_ag/weatherbenchx/combine_and_subset.py:425: UserWarning: The specified chunks separate the stored chunks along dimension "init_time" starting at index 2. This could degrade performance. Instead, consider rechunking after loading.
  ds = xr.open_mfdataset(file_paths, **open_kwargs)
/anvil/projects/x-atm170020/ohouck/ai_weather_ag/weatherbenchx/combine_and_subset.py:425: UserWarning: The specified chunks separate the stored chunks along dimension "init_time" starting at index 2. This could degrade performance. Instead, consider rechunking after loading.
  ds = xr.open_mfdataset(file_paths, **open_kwargs)
/anvil/projects/x-atm170020/ohouck/ai_weather_ag/weatherbenchx/combine_and_subset.py:425: UserWarning: The specified chunks separate the stored chunks along dimension "init_time" starting at index 2. This could degrade performance. Instead, consider rechunking after loading.
  ds = xr.open_mfdataset(file_paths, **open_kwargs)
/anvil/projects/x-atm170020/ohouck/ai_weather_ag/weatherbenchx/combine_and_subset.py:425: UserWarning: The specified chunks separate the stored chunks along dimension "init_time" starting at index 2. This could degrade performance. Instead, consider rechunking after loading.
  ds = xr.open_mfdataset(file_paths, **open_kwargs)
/anvil/projects/x-atm170020/ohouck/ai_weather_ag/weatherbenchx/combine_and_subset.py:425: UserWarning: The specified chunks separate the stored chunks along dimension "init_time" starting at index 2. This could degrade performance. Instead, consider rechunking after loading.
  ds = xr.open_mfdataset(file_paths, **open_kwargs)
/anvil/projects/x-atm170020/ohouck/ai_weather_ag/weatherbenchx/combine_and_subset.py:425: UserWarning: The specified chunks separate the stored chunks along dimension "init_time" starting at index 2. This could degrade performance. Instead, consider rechunking after loading.
  ds = xr.open_mfdataset(file_paths, **open_kwargs)
/anvil/projects/x-atm170020/ohouck/ai_weather_ag/weatherbenchx/combine_and_subset.py:425: UserWarning: The specified chunks separate the stored chunks along dimension "init_time" starting at index 2. This could degrade performance. Instead, consider rechunking after loading.
  ds = xr.open_mfdataset(file_paths, **open_kwargs)
/anvil/projects/x-atm170020/ohouck/ai_weather_ag/weatherbenchx/combine_and_subset.py:425: UserWarning: The specified chunks separate the stored chunks along dimension "init_time" starting at index 2. This could degrade performance. Instead, consider rechunking after loading.
  ds = xr.open_mfdataset(file_paths, **open_kwargs)
/anvil/projects/x-atm170020/ohouck/ai_weather_ag/weatherbenchx/combine_and_subset.py:425: UserWarning: The specified chunks separate the stored chunks along dimension "init_time" starting at index 2. This could degrade performance. Instead, consider rechunking after loading.
  ds = xr.open_mfdataset(file_paths, **open_kwargs)
/anvil/projects/x-atm170020/ohouck/ai_weather_ag/weatherbenchx/combine_and_subset.py:425: UserWarning: The specified chunks separate the stored chunks along dimension "init_time" starting at index 2. This could degrade performance. Instead, consider rechunking after loading.
  ds = xr.open_mfdataset(file_paths, **open_kwargs)
/anvil/projects/x-atm170020/ohouck/ai_weather_ag/weatherbenchx/combine_and_subset.py:425: UserWarning: The specified chunks separate the stored chunks along dimension "init_time" starting at index 2. This could degrade performance. Instead, consider rechunking after loading.
  ds = xr.open_mfdataset(file_paths, **open_kwargs)
/anvil/projects/x-atm170020/ohouck/ai_weather_ag/weatherbenchx/combine_and_subset.py:425: UserWarning: The specified chunks separate the stored chunks along dimension "init_time" starting at index 2. This could degrade performance. Instead, consider rechunking after loading.
  ds = xr.open_mfdataset(file_paths, **open_kwargs)
/anvil/projects/x-atm170020/ohouck/ai_weather_ag/weatherbenchx/combine_and_subset.py:425: UserWarning: The specified chunks separate the stored chunks along dimension "init_time" starting at index 2. This could degrade performance. Instead, consider rechunking after loading.
  ds = xr.open_mfdataset(file_paths, **open_kwargs)
/anvil/projects/x-atm170020/ohouck/ai_weather_ag/weatherbenchx/combine_and_subset.py:425: UserWarning: The specified chunks separate the stored chunks along dimension "init_time" starting at index 2. This could degrade performance. Instead, consider rechunking after loading.
  ds = xr.open_mfdataset(file_paths, **open_kwargs)
/anvil/projects/x-atm170020/ohouck/ai_weather_ag/weatherbenchx/combine_and_subset.py:425: UserWarning: The specified chunks separate the stored chunks along dimension "init_time" starting at index 2. This could degrade performance. Instead, consider rechunking after loading.
  ds = xr.open_mfdataset(file_paths, **open_kwargs)
/anvil/projects/x-atm170020/ohouck/ai_weather_ag/weatherbenchx/combine_and_subset.py:425: UserWarning: The specified chunks separate the stored chunks along dimension "init_time" starting at index 2. This could degrade performance. Instead, consider rechunking after loading.
  ds = xr.open_mfdataset(file_paths, **open_kwargs)
/anvil/projects/x-atm170020/ohouck/ai_weather_ag/weatherbenchx/combine_and_subset.py:425: UserWarning: The specified chunks separate the stored chunks along dimension "init_time" starting at index 2. This could degrade performance. Instead, consider rechunking after loading.
  ds = xr.open_mfdataset(file_paths, **open_kwargs)
/anvil/projects/x-atm170020/ohouck/ai_weather_ag/weatherbenchx/combine_and_subset.py:425: UserWarning: The specified chunks separate the stored chunks along dimension "init_time" starting at index 2. This could degrade performance. Instead, consider rechunking after loading.
  ds = xr.open_mfdataset(file_paths, **open_kwargs)
/anvil/projects/x-atm170020/ohouck/ai_weather_ag/weatherbenchx/combine_and_subset.py:425: UserWarning: The specified chunks separate the stored chunks along dimension "init_time" starting at index 2. This could degrade performance. Instead, consider rechunking after loading.
  ds = xr.open_mfdataset(file_paths, **open_kwargs)
/anvil/projects/x-atm170020/ohouck/ai_weather_ag/weatherbenchx/combine_and_subset.py:425: UserWarning: The specified chunks separate the stored chunks along dimension "init_time" starting at index 2. This could degrade performance. Instead, consider rechunking after loading.
  ds = xr.open_mfdataset(file_paths, **open_kwargs)
/anvil/projects/x-atm170020/ohouck/ai_weather_ag/weatherbenchx/combine_and_subset.py:425: UserWarning: The specified chunks separate the stored chunks along dimension "init_time" starting at index 2. This could degrade performance. Instead, consider rechunking after loading.
  ds = xr.open_mfdataset(file_paths, **open_kwargs)
/anvil/projects/x-atm170020/ohouck/ai_weather_ag/weatherbenchx/combine_and_subset.py:425: UserWarning: The specified chunks separate the stored chunks along dimension "init_time" starting at index 2. This could degrade performance. Instead, consider rechunking after loading.
  ds = xr.open_mfdataset(file_paths, **open_kwargs)
/anvil/projects/x-atm170020/ohouck/ai_weather_ag/weatherbenchx/combine_and_subset.py:425: UserWarning: The specified chunks separate the stored chunks along dimension "init_time" starting at index 2. This could degrade performance. Instead, consider rechunking after loading.
  ds = xr.open_mfdataset(file_paths, **open_kwargs)
/anvil/projects/x-atm170020/ohouck/ai_weather_ag/weatherbenchx/combine_and_subset.py:425: UserWarning: The specified chunks separate the stored chunks along dimension "init_time" starting at index 2. This could degrade performance. Instead, consider rechunking after loading.
  ds = xr.open_mfdataset(file_paths, **open_kwargs)
/anvil/projects/x-atm170020/ohouck/ai_weather_ag/weatherbenchx/combine_and_subset.py:425: UserWarning: The specified chunks separate the stored chunks along dimension "init_time" starting at index 2. This could degrade performance. Instead, consider rechunking after loading.
  ds = xr.open_mfdataset(file_paths, **open_kwargs)
/anvil/projects/x-atm170020/ohouck/ai_weather_ag/weatherbenchx/combine_and_subset.py:425: UserWarning: The specified chunks separate the stored chunks along dimension "init_time" starting at index 2. This could degrade performance. Instead, consider rechunking after loading.
  ds = xr.open_mfdataset(file_paths, **open_kwargs)
/anvil/projects/x-atm170020/ohouck/ai_weather_ag/weatherbenchx/combine_and_subset.py:425: UserWarning: The specified chunks separate the stored chunks along dimension "init_time" starting at index 2. This could degrade performance. Instead, consider rechunking after loading.
  ds = xr.open_mfdataset(file_paths, **open_kwargs)
/anvil/projects/x-atm170020/ohouck/ai_weather_ag/weatherbenchx/combine_and_subset.py:425: UserWarning: The specified chunks separate the stored chunks along dimension "init_time" starting at index 2. This could degrade performance. Instead, consider rechunking after loading.
  ds = xr.open_mfdataset(file_paths, **open_kwargs)
/anvil/projects/x-atm170020/ohouck/ai_weather_ag/weatherbenchx/combine_and_subset.py:425: UserWarning: The specified chunks separate the stored chunks along dimension "init_time" starting at index 2. This could degrade performance. Instead, consider rechunking after loading.
  ds = xr.open_mfdataset(file_paths, **open_kwargs)
/anvil/projects/x-atm170020/ohouck/ai_weather_ag/weatherbenchx/combine_and_subset.py:425: UserWarning: The specified chunks separate the stored chunks along dimension "init_time" starting at index 2. This could degrade performance. Instead, consider rechunking after loading.
  ds = xr.open_mfdataset(file_paths, **open_kwargs)
/anvil/projects/x-atm170020/ohouck/ai_weather_ag/weatherbenchx/combine_and_subset.py:425: UserWarning: The specified chunks separate the stored chunks along dimension "init_time" starting at index 2. This could degrade performance. Instead, consider rechunking after loading.
  ds = xr.open_mfdataset(file_paths, **open_kwargs)
