==================================
[Thu Jun 26 14:28:34 EDT 2025] Disk usage in data directory:
Job started at: Thu Jun 26 14:28:34 EDT 2025
Node: g001.anvil.rcac.purdue.edu
Job ID: 12328805
CPUs allocated: 1
Memory allocated: 65536 MB
Filesystem      Size  Used Avail Use% Mounted on
anvil           5.0T  3.2T  1.9T  63% /anvil
Working directory: /anvil/projects/x-atm170020/ohouck/ai_weather_ag
[Thu Jun 26 14:28:34 EDT 2025] Number of files downloaded:
Python version: Python 3.11.7
0
---
[Thu Jun 26 14:33:34 EDT 2025] Disk usage in data directory:
Filesystem      Size  Used Avail Use% Mounted on
anvil           5.0T  3.2T  1.9T  63% /anvil
[Thu Jun 26 14:33:34 EDT 2025] Number of files downloaded:
0
---
[Thu Jun 26 14:38:34 EDT 2025] Disk usage in data directory:
Filesystem      Size  Used Avail Use% Mounted on
anvil           5.0T  3.2T  1.9T  63% /anvil
[Thu Jun 26 14:38:35 EDT 2025] Number of files downloaded:
1
---
[Thu Jun 26 14:43:35 EDT 2025] Disk usage in data directory:
Filesystem      Size  Used Avail Use% Mounted on
anvil           5.0T  3.2T  1.9T  63% /anvil
[Thu Jun 26 14:43:35 EDT 2025] Number of files downloaded:
1
---
[Thu Jun 26 14:48:35 EDT 2025] Disk usage in data directory:
Filesystem      Size  Used Avail Use% Mounted on
anvil           5.0T  3.2T  1.9T  63% /anvil
[Thu Jun 26 14:48:35 EDT 2025] Number of files downloaded:
1
---
[Thu Jun 26 14:53:35 EDT 2025] Disk usage in data directory:
Filesystem      Size  Used Avail Use% Mounted on
anvil           5.0T  3.2T  1.9T  63% /anvil
[Thu Jun 26 14:53:35 EDT 2025] Number of files downloaded:
1
---
[Thu Jun 26 14:58:35 EDT 2025] Disk usage in data directory:
Filesystem      Size  Used Avail Use% Mounted on
anvil           5.0T  3.2T  1.9T  63% /anvil
[Thu Jun 26 14:58:35 EDT 2025] Number of files downloaded:
1
---
[Thu Jun 26 15:03:35 EDT 2025] Disk usage in data directory:
Filesystem      Size  Used Avail Use% Mounted on
anvil           5.0T  3.2T  1.9T  63% /anvil
[Thu Jun 26 15:03:35 EDT 2025] Number of files downloaded:
1
---
[Thu Jun 26 15:08:35 EDT 2025] Disk usage in data directory:
Filesystem      Size  Used Avail Use% Mounted on
anvil           5.0T  3.2T  1.9T  63% /anvil
[Thu Jun 26 15:08:35 EDT 2025] Number of files downloaded:
1
---
[Thu Jun 26 15:13:35 EDT 2025] Disk usage in data directory:
Filesystem      Size  Used Avail Use% Mounted on
anvil           5.0T  3.2T  1.9T  63% /anvil
[Thu Jun 26 15:13:35 EDT 2025] Number of files downloaded:
1
---
[Thu Jun 26 15:18:35 EDT 2025] Disk usage in data directory:
Filesystem      Size  Used Avail Use% Mounted on
anvil           5.0T  3.2T  1.9T  63% /anvil
[Thu Jun 26 15:18:35 EDT 2025] Number of files downloaded:
1
---
[Thu Jun 26 15:23:35 EDT 2025] Disk usage in data directory:
Filesystem      Size  Used Avail Use% Mounted on
anvil           5.0T  3.2T  1.9T  63% /anvil
[Thu Jun 26 15:23:35 EDT 2025] Number of files downloaded:
1
---
[Thu Jun 26 15:28:36 EDT 2025] Disk usage in data directory:
Filesystem      Size  Used Avail Use% Mounted on
anvil           5.0T  3.2T  1.9T  63% /anvil
[Thu Jun 26 15:28:36 EDT 2025] Number of files downloaded:
1
---
[Thu Jun 26 15:33:36 EDT 2025] Disk usage in data directory:
Filesystem      Size  Used Avail Use% Mounted on
anvil           5.0T  3.2T  1.9T  63% /anvil
[Thu Jun 26 15:33:36 EDT 2025] Number of files downloaded:
1
---
[Thu Jun 26 15:38:36 EDT 2025] Disk usage in data directory:
Filesystem      Size  Used Avail Use% Mounted on
anvil           5.0T  3.2T  1.9T  63% /anvil
[Thu Jun 26 15:38:36 EDT 2025] Number of files downloaded:
1
---
[Thu Jun 26 15:43:36 EDT 2025] Disk usage in data directory:
Filesystem      Size  Used Avail Use% Mounted on
anvil           5.0T  3.2T  1.9T  63% /anvil
[Thu Jun 26 15:43:36 EDT 2025] Number of files downloaded:
1
---
[Thu Jun 26 15:48:36 EDT 2025] Disk usage in data directory:
Filesystem      Size  Used Avail Use% Mounted on
anvil           5.0T  3.2T  1.9T  63% /anvil
[Thu Jun 26 15:48:36 EDT 2025] Number of files downloaded:
1
---
[Thu Jun 26 15:53:36 EDT 2025] Disk usage in data directory:
Filesystem      Size  Used Avail Use% Mounted on
anvil           5.0T  3.2T  1.9T  63% /anvil
[Thu Jun 26 15:53:36 EDT 2025] Number of files downloaded:
1
---
[Thu Jun 26 15:58:36 EDT 2025] Disk usage in data directory:
Filesystem      Size  Used Avail Use% Mounted on
anvil           5.0T  3.2T  1.9T  63% /anvil
[Thu Jun 26 15:58:36 EDT 2025] Number of files downloaded:
1
---
[Thu Jun 26 16:03:36 EDT 2025] Disk usage in data directory:
Filesystem      Size  Used Avail Use% Mounted on
anvil           5.0T  3.2T  1.9T  63% /anvil
[Thu Jun 26 16:03:36 EDT 2025] Number of files downloaded:
1
---
[Thu Jun 26 16:08:36 EDT 2025] Disk usage in data directory:
Filesystem      Size  Used Avail Use% Mounted on
anvil           5.0T  3.2T  1.9T  63% /anvil
[Thu Jun 26 16:08:36 EDT 2025] Number of files downloaded:
1
---
[Thu Jun 26 16:13:36 EDT 2025] Disk usage in data directory:
Filesystem      Size  Used Avail Use% Mounted on
anvil           5.0T  3.2T  1.9T  63% /anvil
[Thu Jun 26 16:13:37 EDT 2025] Number of files downloaded:
1
---
[Thu Jun 26 16:18:37 EDT 2025] Disk usage in data directory:
Filesystem      Size  Used Avail Use% Mounted on
anvil           5.0T  3.2T  1.9T  63% /anvil
[Thu Jun 26 16:18:37 EDT 2025] Number of files downloaded:
1
---
[Thu Jun 26 16:23:37 EDT 2025] Disk usage in data directory:
Filesystem      Size  Used Avail Use% Mounted on
anvil           5.0T  3.2T  1.9T  63% /anvil
[Thu Jun 26 16:23:37 EDT 2025] Number of files downloaded:
1
---
[Thu Jun 26 16:28:37 EDT 2025] Disk usage in data directory:
Filesystem      Size  Used Avail Use% Mounted on
anvil           5.0T  3.2T  1.9T  63% /anvil
[Thu Jun 26 16:28:37 EDT 2025] Number of files downloaded:
1
---
==================================
Job finished at: Thu Jun 26 16:29:36 EDT 2025
Exit code: 0
Final disk usage:
Filesystem      Size  Used Avail Use% Mounted on
anvil           5.0T  3.2T  1.9T  63% /anvil
Total files downloaded:
1
Log files:
  SLURM output: logs/combine_and_subset12328805.out
  SLURM error:  logs/combine_and_subset12328805.err
  Detailed log: logs/combine_and_subset12328805.log
