==================================
[Thu Jun 26 16:53:42 EDT 2025] Disk usage in data directory:
Job started at: Thu Jun 26 16:53:42 EDT 2025
Node: g001.anvil.rcac.purdue.edu
Job ID: 12332989
CPUs allocated: 1
Memory allocated: 131072 MB
Filesystem      Size  Used Avail Use% Mounted on
anvil           5.0T  3.2T  1.9T  63% /anvil
Working directory: /anvil/projects/x-atm170020/ohouck/ai_weather_ag
[Thu Jun 26 16:53:42 EDT 2025] Number of files downloaded:
0
---
Python version: Python 3.11.7
[Thu Jun 26 16:58:42 EDT 2025] Disk usage in data directory:
Filesystem      Size  Used Avail Use% Mounted on
anvil           5.0T  3.2T  1.9T  63% /anvil
[Thu Jun 26 16:58:42 EDT 2025] Number of files downloaded:
0
---
2025-06-26 17:00:56,039 - __main__ - INFO - opened pangu for india
2025-06-26 17:00:56,041 - __main__ - INFO - <xarray.Dataset> Size: 80GB
Dimensions:                  (time: 296, init_time: 1826, lead_time: 7,
                              latitude: 42, longitude: 42)
Coordinates:
  * latitude                 (latitude) float32 168B 16.75 17.0 ... 26.75 27.0
  * longitude                (longitude) float32 168B 71.75 72.0 ... 81.75 82.0
  * lead_time                (lead_time) int64 56B 24 48 72 96 120 144 168
  * init_time                (init_time) datetime64[ns] 15kB 2018-01-01T12:00...
Dimensions without coordinates: time
Data variables:
    2m_temperature           (time, init_time, lead_time, latitude, longitude) float32 27GB dask.array<chunksize=(1, 1, 3, 42, 42), meta=np.ndarray>
    10m_u_component_of_wind  (time, init_time, lead_time, latitude, longitude) float32 27GB dask.array<chunksize=(1, 1, 3, 42, 42), meta=np.ndarray>
    10m_v_component_of_wind  (time, init_time, lead_time, latitude, longitude) float32 27GB dask.array<chunksize=(1, 1, 3, 42, 42), meta=np.ndarray>
[Thu Jun 26 17:03:42 EDT 2025] Disk usage in data directory:
Filesystem      Size  Used Avail Use% Mounted on
anvil           5.0T  3.2T  1.9T  63% /anvil
[Thu Jun 26 17:03:42 EDT 2025] Number of files downloaded:
1
---
[Thu Jun 26 17:08:42 EDT 2025] Disk usage in data directory:
Filesystem      Size  Used Avail Use% Mounted on
anvil           5.0T  3.2T  1.9T  63% /anvil
[Thu Jun 26 17:08:42 EDT 2025] Number of files downloaded:
1
---
[Thu Jun 26 17:13:42 EDT 2025] Disk usage in data directory:
Filesystem      Size  Used Avail Use% Mounted on
anvil           5.0T  3.2T  1.9T  63% /anvil
[Thu Jun 26 17:13:42 EDT 2025] Number of files downloaded:
1
---
[Thu Jun 26 17:18:42 EDT 2025] Disk usage in data directory:
Filesystem      Size  Used Avail Use% Mounted on
anvil           5.0T  3.2T  1.9T  63% /anvil
[Thu Jun 26 17:18:42 EDT 2025] Number of files downloaded:
1
---
[Thu Jun 26 17:23:43 EDT 2025] Disk usage in data directory:
Filesystem      Size  Used Avail Use% Mounted on
anvil           5.0T  3.2T  1.9T  63% /anvil
[Thu Jun 26 17:23:43 EDT 2025] Number of files downloaded:
1
---
[Thu Jun 26 17:28:43 EDT 2025] Disk usage in data directory:
Filesystem      Size  Used Avail Use% Mounted on
anvil           5.0T  3.2T  1.9T  63% /anvil
[Thu Jun 26 17:28:43 EDT 2025] Number of files downloaded:
1
---
[Thu Jun 26 17:33:43 EDT 2025] Disk usage in data directory:
Filesystem      Size  Used Avail Use% Mounted on
anvil           5.0T  3.2T  1.9T  63% /anvil
[Thu Jun 26 17:33:43 EDT 2025] Number of files downloaded:
1
---
[Thu Jun 26 17:38:43 EDT 2025] Disk usage in data directory:
Filesystem      Size  Used Avail Use% Mounted on
anvil           5.0T  3.2T  1.9T  63% /anvil
[Thu Jun 26 17:38:43 EDT 2025] Number of files downloaded:
1
---
[Thu Jun 26 17:43:43 EDT 2025] Disk usage in data directory:
Filesystem      Size  Used Avail Use% Mounted on
anvil           5.0T  3.2T  1.9T  63% /anvil
[Thu Jun 26 17:43:43 EDT 2025] Number of files downloaded:
1
---
[Thu Jun 26 17:48:43 EDT 2025] Disk usage in data directory:
Filesystem      Size  Used Avail Use% Mounted on
anvil           5.0T  3.2T  1.9T  63% /anvil
[Thu Jun 26 17:48:43 EDT 2025] Number of files downloaded:
1
---
[Thu Jun 26 17:53:43 EDT 2025] Disk usage in data directory:
Filesystem      Size  Used Avail Use% Mounted on
anvil           5.0T  3.2T  1.9T  63% /anvil
[Thu Jun 26 17:53:43 EDT 2025] Number of files downloaded:
1
---
[Thu Jun 26 17:58:43 EDT 2025] Disk usage in data directory:
Filesystem      Size  Used Avail Use% Mounted on
anvil           5.0T  3.2T  1.9T  63% /anvil
[Thu Jun 26 17:58:43 EDT 2025] Number of files downloaded:
1
---
[Thu Jun 26 18:03:43 EDT 2025] Disk usage in data directory:
Filesystem      Size  Used Avail Use% Mounted on
anvil           5.0T  3.2T  1.9T  63% /anvil
[Thu Jun 26 18:03:43 EDT 2025] Number of files downloaded:
1
---
[Thu Jun 26 18:08:43 EDT 2025] Disk usage in data directory:
Filesystem      Size  Used Avail Use% Mounted on
anvil           5.0T  3.2T  1.9T  63% /anvil
[Thu Jun 26 18:08:43 EDT 2025] Number of files downloaded:
1
---
[Thu Jun 26 18:13:44 EDT 2025] Disk usage in data directory:
Filesystem      Size  Used Avail Use% Mounted on
anvil           5.0T  3.2T  1.9T  63% /anvil
[Thu Jun 26 18:13:44 EDT 2025] Number of files downloaded:
1
---
[Thu Jun 26 18:18:44 EDT 2025] Disk usage in data directory:
Filesystem      Size  Used Avail Use% Mounted on
anvil           5.0T  3.2T  1.9T  63% /anvil
[Thu Jun 26 18:18:44 EDT 2025] Number of files downloaded:
1
---
[Thu Jun 26 18:23:44 EDT 2025] Disk usage in data directory:
Filesystem      Size  Used Avail Use% Mounted on
anvil           5.0T  3.2T  1.9T  63% /anvil
[Thu Jun 26 18:23:44 EDT 2025] Number of files downloaded:
1
---
[Thu Jun 26 18:28:44 EDT 2025] Disk usage in data directory:
Filesystem      Size  Used Avail Use% Mounted on
anvil           5.0T  3.2T  1.9T  63% /anvil
[Thu Jun 26 18:28:44 EDT 2025] Number of files downloaded:
1
---
[Thu Jun 26 18:33:44 EDT 2025] Disk usage in data directory:
Filesystem      Size  Used Avail Use% Mounted on
anvil           5.0T  3.2T  1.9T  63% /anvil
[Thu Jun 26 18:33:44 EDT 2025] Number of files downloaded:
1
---
[Thu Jun 26 18:38:44 EDT 2025] Disk usage in data directory:
Filesystem      Size  Used Avail Use% Mounted on
anvil           5.0T  3.2T  1.9T  63% /anvil
[Thu Jun 26 18:38:44 EDT 2025] Number of files downloaded:
1
---
[Thu Jun 26 18:43:44 EDT 2025] Disk usage in data directory:
Filesystem      Size  Used Avail Use% Mounted on
anvil           5.0T  3.2T  1.9T  63% /anvil
[Thu Jun 26 18:43:44 EDT 2025] Number of files downloaded:
1
---
[Thu Jun 26 18:48:44 EDT 2025] Disk usage in data directory:
Filesystem      Size  Used Avail Use% Mounted on
anvil           5.0T  3.2T  1.9T  63% /anvil
[Thu Jun 26 18:48:44 EDT 2025] Number of files downloaded:
1
---
[Thu Jun 26 18:53:44 EDT 2025] Disk usage in data directory:
Filesystem      Size  Used Avail Use% Mounted on
anvil           5.0T  3.2T  1.9T  63% /anvil
[Thu Jun 26 18:53:44 EDT 2025] Number of files downloaded:
1
---
[Thu Jun 26 18:58:44 EDT 2025] Disk usage in data directory:
Filesystem      Size  Used Avail Use% Mounted on
anvil           5.0T  3.2T  1.9T  63% /anvil
[Thu Jun 26 18:58:45 EDT 2025] Number of files downloaded:
1
---
[Thu Jun 26 19:03:45 EDT 2025] Disk usage in data directory:
Filesystem      Size  Used Avail Use% Mounted on
anvil           5.0T  3.2T  1.9T  63% /anvil
[Thu Jun 26 19:03:45 EDT 2025] Number of files downloaded:
1
---
[Thu Jun 26 19:08:45 EDT 2025] Disk usage in data directory:
Filesystem      Size  Used Avail Use% Mounted on
anvil           5.0T  3.2T  1.9T  63% /anvil
[Thu Jun 26 19:08:45 EDT 2025] Number of files downloaded:
1
---
[Thu Jun 26 19:13:45 EDT 2025] Disk usage in data directory:
Filesystem      Size  Used Avail Use% Mounted on
anvil           5.0T  3.2T  1.9T  63% /anvil
[Thu Jun 26 19:13:45 EDT 2025] Number of files downloaded:
1
---
[Thu Jun 26 19:18:45 EDT 2025] Disk usage in data directory:
Filesystem      Size  Used Avail Use% Mounted on
anvil           5.0T  3.2T  1.9T  63% /anvil
[Thu Jun 26 19:18:45 EDT 2025] Number of files downloaded:
1
---
[Thu Jun 26 19:23:45 EDT 2025] Disk usage in data directory:
Filesystem      Size  Used Avail Use% Mounted on
anvil           5.0T  3.2T  1.9T  63% /anvil
[Thu Jun 26 19:23:45 EDT 2025] Number of files downloaded:
1
---
[Thu Jun 26 19:28:45 EDT 2025] Disk usage in data directory:
Filesystem      Size  Used Avail Use% Mounted on
anvil           5.0T  3.2T  1.9T  63% /anvil
[Thu Jun 26 19:28:45 EDT 2025] Number of files downloaded:
1
---
[Thu Jun 26 19:33:45 EDT 2025] Disk usage in data directory:
Filesystem      Size  Used Avail Use% Mounted on
anvil           5.0T  3.2T  1.9T  63% /anvil
[Thu Jun 26 19:33:45 EDT 2025] Number of files downloaded:
1
---
[Thu Jun 26 19:38:45 EDT 2025] Disk usage in data directory:
Filesystem      Size  Used Avail Use% Mounted on
anvil           5.0T  3.2T  1.9T  63% /anvil
[Thu Jun 26 19:38:45 EDT 2025] Number of files downloaded:
1
---
[Thu Jun 26 19:43:45 EDT 2025] Disk usage in data directory:
Filesystem      Size  Used Avail Use% Mounted on
anvil           5.0T  3.2T  1.9T  63% /anvil
[Thu Jun 26 19:43:45 EDT 2025] Number of files downloaded:
1
---
[Thu Jun 26 19:48:46 EDT 2025] Disk usage in data directory:
Filesystem      Size  Used Avail Use% Mounted on
anvil           5.0T  3.2T  1.9T  63% /anvil
[Thu Jun 26 19:48:46 EDT 2025] Number of files downloaded:
1
---
[Thu Jun 26 19:53:46 EDT 2025] Disk usage in data directory:
Filesystem      Size  Used Avail Use% Mounted on
anvil           5.0T  3.2T  1.9T  63% /anvil
[Thu Jun 26 19:53:46 EDT 2025] Number of files downloaded:
1
---
[Thu Jun 26 19:58:46 EDT 2025] Disk usage in data directory:
Filesystem      Size  Used Avail Use% Mounted on
anvil           5.0T  3.2T  1.9T  63% /anvil
[Thu Jun 26 19:58:46 EDT 2025] Number of files downloaded:
1
---
[Thu Jun 26 20:03:46 EDT 2025] Disk usage in data directory:
Filesystem      Size  Used Avail Use% Mounted on
anvil           5.0T  3.2T  1.9T  63% /anvil
[Thu Jun 26 20:03:46 EDT 2025] Number of files downloaded:
1
---
[Thu Jun 26 20:08:46 EDT 2025] Disk usage in data directory:
Filesystem      Size  Used Avail Use% Mounted on
anvil           5.0T  3.2T  1.9T  63% /anvil
[Thu Jun 26 20:08:46 EDT 2025] Number of files downloaded:
1
---
[Thu Jun 26 20:13:46 EDT 2025] Disk usage in data directory:
Filesystem      Size  Used Avail Use% Mounted on
anvil           5.0T  3.2T  1.9T  63% /anvil
[Thu Jun 26 20:13:46 EDT 2025] Number of files downloaded:
1
---
[Thu Jun 26 20:18:46 EDT 2025] Disk usage in data directory:
Filesystem      Size  Used Avail Use% Mounted on
anvil           5.0T  3.2T  1.9T  63% /anvil
[Thu Jun 26 20:18:46 EDT 2025] Number of files downloaded:
1
---
[Thu Jun 26 20:23:46 EDT 2025] Disk usage in data directory:
Filesystem      Size  Used Avail Use% Mounted on
anvil           5.0T  3.2T  1.9T  63% /anvil
[Thu Jun 26 20:23:46 EDT 2025] Number of files downloaded:
1
---
[Thu Jun 26 20:28:46 EDT 2025] Disk usage in data directory:
Filesystem      Size  Used Avail Use% Mounted on
anvil           5.0T  3.2T  1.9T  63% /anvil
[Thu Jun 26 20:28:46 EDT 2025] Number of files downloaded:
1
---
[Thu Jun 26 20:33:46 EDT 2025] Disk usage in data directory:
Filesystem      Size  Used Avail Use% Mounted on
anvil           5.0T  3.2T  1.9T  63% /anvil
[Thu Jun 26 20:33:47 EDT 2025] Number of files downloaded:
1
---
[Thu Jun 26 20:38:47 EDT 2025] Disk usage in data directory:
Filesystem      Size  Used Avail Use% Mounted on
anvil           5.0T  3.2T  1.9T  63% /anvil
[Thu Jun 26 20:38:47 EDT 2025] Number of files downloaded:
1
---
[Thu Jun 26 20:43:47 EDT 2025] Disk usage in data directory:
Filesystem      Size  Used Avail Use% Mounted on
anvil           5.0T  3.2T  1.9T  63% /anvil
[Thu Jun 26 20:43:47 EDT 2025] Number of files downloaded:
1
---
[Thu Jun 26 20:48:47 EDT 2025] Disk usage in data directory:
Filesystem      Size  Used Avail Use% Mounted on
anvil           5.0T  3.2T  1.9T  63% /anvil
[Thu Jun 26 20:48:47 EDT 2025] Number of files downloaded:
1
---
[Thu Jun 26 20:53:47 EDT 2025] Disk usage in data directory:
Filesystem      Size  Used Avail Use% Mounted on
anvil           5.0T  3.2T  1.9T  63% /anvil
[Thu Jun 26 20:53:47 EDT 2025] Number of files downloaded:
1
---
[Thu Jun 26 20:58:47 EDT 2025] Disk usage in data directory:
Filesystem      Size  Used Avail Use% Mounted on
anvil           5.0T  3.2T  1.9T  63% /anvil
[Thu Jun 26 20:58:47 EDT 2025] Number of files downloaded:
1
---
[Thu Jun 26 21:03:47 EDT 2025] Disk usage in data directory:
Filesystem      Size  Used Avail Use% Mounted on
anvil           5.0T  3.2T  1.9T  63% /anvil
[Thu Jun 26 21:03:47 EDT 2025] Number of files downloaded:
1
---
[Thu Jun 26 21:08:47 EDT 2025] Disk usage in data directory:
Filesystem      Size  Used Avail Use% Mounted on
anvil           5.0T  3.2T  1.9T  63% /anvil
[Thu Jun 26 21:08:47 EDT 2025] Number of files downloaded:
1
---
[Thu Jun 26 21:13:47 EDT 2025] Disk usage in data directory:
Filesystem      Size  Used Avail Use% Mounted on
anvil           5.0T  3.2T  1.9T  63% /anvil
[Thu Jun 26 21:13:47 EDT 2025] Number of files downloaded:
1
---
[Thu Jun 26 21:18:47 EDT 2025] Disk usage in data directory:
Filesystem      Size  Used Avail Use% Mounted on
anvil           5.0T  3.2T  1.9T  63% /anvil
[Thu Jun 26 21:18:47 EDT 2025] Number of files downloaded:
1
---
[Thu Jun 26 21:23:48 EDT 2025] Disk usage in data directory:
Filesystem      Size  Used Avail Use% Mounted on
anvil           5.0T  3.2T  1.9T  63% /anvil
[Thu Jun 26 21:23:48 EDT 2025] Number of files downloaded:
1
---
[Thu Jun 26 21:28:48 EDT 2025] Disk usage in data directory:
Filesystem      Size  Used Avail Use% Mounted on
anvil           5.0T  3.2T  1.9T  63% /anvil
[Thu Jun 26 21:28:48 EDT 2025] Number of files downloaded:
1
---
[Thu Jun 26 21:33:48 EDT 2025] Disk usage in data directory:
Filesystem      Size  Used Avail Use% Mounted on
anvil           5.0T  3.2T  1.9T  63% /anvil
[Thu Jun 26 21:33:48 EDT 2025] Number of files downloaded:
1
---
[Thu Jun 26 21:38:48 EDT 2025] Disk usage in data directory:
Filesystem      Size  Used Avail Use% Mounted on
anvil           5.0T  3.2T  1.9T  63% /anvil
[Thu Jun 26 21:38:48 EDT 2025] Number of files downloaded:
1
---
[Thu Jun 26 21:43:48 EDT 2025] Disk usage in data directory:
Filesystem      Size  Used Avail Use% Mounted on
anvil           5.0T  3.2T  1.9T  63% /anvil
[Thu Jun 26 21:43:48 EDT 2025] Number of files downloaded:
1
---
[Thu Jun 26 21:48:48 EDT 2025] Disk usage in data directory:
Filesystem      Size  Used Avail Use% Mounted on
anvil           5.0T  3.2T  1.9T  63% /anvil
[Thu Jun 26 21:48:48 EDT 2025] Number of files downloaded:
1
---
[Thu Jun 26 21:53:48 EDT 2025] Disk usage in data directory:
Filesystem      Size  Used Avail Use% Mounted on
anvil           5.0T  3.2T  1.9T  63% /anvil
[Thu Jun 26 21:53:48 EDT 2025] Number of files downloaded:
1
---
[Thu Jun 26 21:58:48 EDT 2025] Disk usage in data directory:
Filesystem      Size  Used Avail Use% Mounted on
anvil           5.0T  3.2T  1.9T  63% /anvil
[Thu Jun 26 21:58:48 EDT 2025] Number of files downloaded:
1
---
[Thu Jun 26 22:03:48 EDT 2025] Disk usage in data directory:
Filesystem      Size  Used Avail Use% Mounted on
anvil           5.0T  3.2T  1.9T  63% /anvil
[Thu Jun 26 22:03:48 EDT 2025] Number of files downloaded:
1
---
[Thu Jun 26 22:08:48 EDT 2025] Disk usage in data directory:
Filesystem      Size  Used Avail Use% Mounted on
anvil           5.0T  3.2T  1.9T  63% /anvil
[Thu Jun 26 22:08:48 EDT 2025] Number of files downloaded:
1
---
[Thu Jun 26 22:13:49 EDT 2025] Disk usage in data directory:
Filesystem      Size  Used Avail Use% Mounted on
anvil           5.0T  3.2T  1.9T  63% /anvil
[Thu Jun 26 22:13:49 EDT 2025] Number of files downloaded:
1
---
[Thu Jun 26 22:18:49 EDT 2025] Disk usage in data directory:
Filesystem      Size  Used Avail Use% Mounted on
anvil           5.0T  3.2T  1.9T  63% /anvil
[Thu Jun 26 22:18:49 EDT 2025] Number of files downloaded:
1
---
[Thu Jun 26 22:23:49 EDT 2025] Disk usage in data directory:
Filesystem      Size  Used Avail Use% Mounted on
anvil           5.0T  3.2T  1.9T  63% /anvil
[Thu Jun 26 22:23:49 EDT 2025] Number of files downloaded:
1
---
[Thu Jun 26 22:28:49 EDT 2025] Disk usage in data directory:
Filesystem      Size  Used Avail Use% Mounted on
anvil           5.0T  3.2T  1.9T  63% /anvil
[Thu Jun 26 22:28:49 EDT 2025] Number of files downloaded:
1
---
[Thu Jun 26 22:33:49 EDT 2025] Disk usage in data directory:
Filesystem      Size  Used Avail Use% Mounted on
anvil           5.0T  3.2T  1.9T  63% /anvil
[Thu Jun 26 22:33:49 EDT 2025] Number of files downloaded:
1
---
[Thu Jun 26 22:38:49 EDT 2025] Disk usage in data directory:
Filesystem      Size  Used Avail Use% Mounted on
anvil           5.0T  3.2T  1.9T  63% /anvil
[Thu Jun 26 22:38:49 EDT 2025] Number of files downloaded:
1
---
[Thu Jun 26 22:43:49 EDT 2025] Disk usage in data directory:
Filesystem      Size  Used Avail Use% Mounted on
anvil           5.0T  3.2T  1.9T  63% /anvil
[Thu Jun 26 22:43:49 EDT 2025] Number of files downloaded:
1
---
[Thu Jun 26 22:48:49 EDT 2025] Disk usage in data directory:
Filesystem      Size  Used Avail Use% Mounted on
anvil           5.0T  3.2T  1.9T  63% /anvil
[Thu Jun 26 22:48:49 EDT 2025] Number of files downloaded:
1
---
[Thu Jun 26 22:53:49 EDT 2025] Disk usage in data directory:
Filesystem      Size  Used Avail Use% Mounted on
anvil           5.0T  3.2T  1.9T  63% /anvil
[Thu Jun 26 22:53:49 EDT 2025] Number of files downloaded:
1
---
