==================================
Job started at: Thu Jul  3 15:53:28 EDT 2025
[Thu Jul  3 15:53:28 EDT 2025] System status:
Memory usage:
Node: g003.anvil.rcac.purdue.edu
Job ID: 12674011
CPUs: 4
Memory: 65536
==================================
              total        used        free      shared  buff/cache   available
Mem:          503Gi        89Gi       411Gi       1.6Gi       2.7Gi       410Gi
Swap:         178Gi        18Gi       159Gi

Disk usage:
Filesystem      Size  Used Avail Use% Mounted on
anvil           5.0T  3.2T  1.9T  63% /anvil

Processing progress:
-rw-rw-r-- 1 x-ohouck x-atm170020 41K Jun 29 17:50 /anvil/projects/x-atm170020/ohouck/data/processed/pangu_india.nc

Temporary files:
0
---
==================================
Job finished at: Thu Jul  3 16:03:06 EDT 2025
Exit code: 137
Final output files:
-rw-rw-r-- 1 x-ohouck x-atm170020 41K Jun 29 17:50 /anvil/projects/x-atm170020/ohouck/data/processed/pangu_india.nc

Disk usage after completion:
514K	/anvil/projects/x-atm170020/ohouck/data/processed/
==================================
Cleaning up...
