2025-06-29 17:45:36,099 - __main__ - INFO - Running initial diagnostics...
2025-06-29 17:45:36,677 - __main__ - INFO - Starting region: india
2025-06-29 17:45:36,679 - __main__ - INFO - Processing pangu for india using incremental approach
2025-06-29 17:45:36,679 - __main__ - INFO - Validating 296 files...
2025-06-29 17:45:36,679 - __main__ - INFO -   Validated 0/296 files...
2025-06-29 17:45:37,309 - __main__ - INFO -   Validated 10/296 files...
2025-06-29 17:45:38,029 - __main__ - INFO -   Validated 20/296 files...
2025-06-29 17:45:38,630 - __main__ - INFO -   Validated 30/296 files...
2025-06-29 17:45:39,204 - __main__ - INFO -   Validated 40/296 files...
2025-06-29 17:45:39,951 - __main__ - INFO -   Validated 50/296 files...
2025-06-29 17:45:40,613 - __main__ - INFO -   Validated 60/296 files...
2025-06-29 17:45:41,440 - __main__ - INFO -   Validated 70/296 files...
2025-06-29 17:45:42,270 - __main__ - INFO -   Validated 80/296 files...
2025-06-29 17:45:42,933 - __main__ - INFO -   Validated 90/296 files...
2025-06-29 17:45:43,521 - __main__ - INFO -   Validated 100/296 files...
2025-06-29 17:45:44,241 - __main__ - INFO -   Validated 110/296 files...
2025-06-29 17:45:44,869 - __main__ - INFO -   Validated 120/296 files...
2025-06-29 17:45:45,547 - __main__ - INFO -   Validated 130/296 files...
2025-06-29 17:45:46,119 - __main__ - INFO -   Validated 140/296 files...
2025-06-29 17:45:46,834 - __main__ - INFO -   Validated 150/296 files...
2025-06-29 17:45:47,637 - __main__ - INFO -   Validated 160/296 files...
2025-06-29 17:45:48,256 - __main__ - INFO -   Validated 170/296 files...
2025-06-29 17:45:48,801 - __main__ - INFO -   Validated 180/296 files...
2025-06-29 17:45:49,339 - __main__ - INFO -   Validated 190/296 files...
2025-06-29 17:45:50,097 - __main__ - INFO -   Validated 200/296 files...
2025-06-29 17:45:50,706 - __main__ - INFO -   Validated 210/296 files...
2025-06-29 17:45:51,183 - __main__ - INFO -   Validated 220/296 files...
2025-06-29 17:45:51,760 - __main__ - INFO -   Validated 230/296 files...
2025-06-29 17:45:52,294 - __main__ - INFO -   Validated 240/296 files...
2025-06-29 17:45:52,618 - __main__ - INFO -   Validated 250/296 files...
2025-06-29 17:45:53,066 - __main__ - INFO -   Validated 260/296 files...
2025-06-29 17:45:53,568 - __main__ - INFO -   Validated 270/296 files...
2025-06-29 17:45:53,969 - __main__ - INFO -   Validated 280/296 files...
2025-06-29 17:45:54,543 - __main__ - INFO -   Validated 290/296 files...
2025-06-29 17:45:54,705 - __main__ - INFO - Found years: ['2018', '2019', '2020', '2021', '2022']
2025-06-29 17:45:54,705 - __main__ - INFO - Processing first year 2018 to create output file
2025-06-29 17:45:54,747 - __main__ - INFO - Region india subset dimensions: {'latitude': 43, 'longitude': 43, 'lead_time': 7, 'init_time': 7}
2025-06-29 17:45:54,747 - __main__ - INFO - Recommended chunks for india: {'init_time': 7, 'lead_time': -1, 'latitude': -1, 'longitude': -1}
2025-06-29 17:45:54,747 - __main__ - INFO - Processing pangu for india, year 2018 (59 files)
2025-06-29 17:45:54,748 - __main__ - INFO - Memory at start_pangu_india_2018: RSS=0.24GB, VMS=0.88GB
2025-06-29 17:45:54,748 - __main__ - INFO - Trying strategy: minimal chunks for small region
2025-06-29 17:45:59,886 - __main__ - INFO - Successfully loaded with chunks: Frozen({'time': (1, 1, 1, 1, 1, 1, 1, 1, 1, 1, 1, 1, 1, 1, 1, 1, 1, 1, 1, 1, 1, 1, 1, 1, 1, 1, 1, 1, 1, 1, 1, 1, 1, 1, 1, 1, 1, 1, 1, 1, 1, 1, 1, 1, 1, 1, 1, 1, 1, 1, 1, 1, 1, 1, 1, 1, 1, 1, 1), 'init_time': (2, 1, 1, 2, 1, 1, 1, 1, 2, 2, 1, 1, 2, 2, 1, 1, 2, 2, 1, 1, 2, 2, 1, 1, 1, 1, 2, 1, 1, 2, 2, 1, 1, 2, 1, 1, 1, 1, 2, 2, 1, 1, 2, 2, 1, 1, 2, 2, 1, 1, 2, 2, 1, 1, 1, 1, 2, 1, 1, 2, 2, 1, 1, 2, 1, 1, 1, 1, 2, 2, 1, 1, 2, 2, 1, 1, 2, 2, 1, 1, 2, 2, 1, 1, 1, 1, 2, 1, 1, 2, 2, 1, 1, 2, 1, 1, 1, 1, 2, 2, 1, 1, 2, 2, 1, 1, 2, 2, 1, 1, 2, 2, 1, 1, 1, 1, 2, 1, 1, 2, 2, 1, 1, 2, 1, 1, 1, 1, 2, 2, 1, 1, 2, 2, 1, 1, 2, 2, 1, 1, 2, 2, 1, 1, 1, 1, 2, 1, 1, 2, 2, 1, 1, 2, 1, 1, 1, 1, 2, 2, 1, 1, 2, 2, 1, 1, 2, 2, 1, 1, 2, 2, 1, 1, 1, 1, 2, 1, 1, 2, 2, 1, 1, 2, 1, 1, 1, 1, 2, 2, 1, 1, 2, 2, 1, 1, 2, 2, 1, 1, 2, 2, 1, 1, 1, 1, 2, 1, 1, 2, 2, 1, 1, 2, 1, 1, 1, 1, 2, 2, 1, 1, 2, 2, 1, 1, 2, 2, 1, 1, 2, 2, 1, 1, 1, 1, 2, 1, 1, 2, 2, 1, 1, 2, 1, 1, 1, 1, 2, 2, 1, 1, 2, 2, 1, 1, 2, 2, 1, 1, 1), 'lead_time': (7,), 'latitude': (43,), 'longitude': (43,)})
2025-06-29 17:46:10,941 - __main__ - ERROR - Failed to process first year 2018: NetCDF: HDF error
2025-06-29 17:46:10,943 - __main__ - ERROR - Error processing region india: NetCDF: HDF error
Traceback (most recent call last):
  File "/anvil/projects/x-atm170020/ohouck/ai_weather_ag/weatherbenchx/combine_and_subset.py", line 830, in main
    process_dataset_incremental(pangu_files, region, pangu_output, "pangu")
  File "/anvil/projects/x-atm170020/ohouck/ai_weather_ag/weatherbenchx/combine_and_subset.py", line 707, in process_dataset_incremental
    year_ds.to_netcdf(output_path, encoding=encoding, mode='w')
  File "/home/x-ohouck/aiw_env/lib/python3.11/site-packages/xarray/core/dataset.py", line 2030, in to_netcdf
    return to_netcdf(  # type: ignore[return-value]  # mypy cannot resolve the overloads:(
           ^^^^^^^^^^^^^^^^^^^^^^^^^^^^^^^^^^^^^^^^^^^^^^^^^^^^^^^^^^^^^^^^^^^^^^^^^^^^^^^
  File "/home/x-ohouck/aiw_env/lib/python3.11/site-packages/xarray/backends/api.py", line 1937, in to_netcdf
    writes = writer.sync(compute=compute)
             ^^^^^^^^^^^^^^^^^^^^^^^^^^^^
  File "/home/x-ohouck/aiw_env/lib/python3.11/site-packages/xarray/backends/common.py", line 357, in sync
    delayed_store = chunkmanager.store(
                    ^^^^^^^^^^^^^^^^^^^
  File "/home/x-ohouck/aiw_env/lib/python3.11/site-packages/xarray/namedarray/daskmanager.py", line 247, in store
    return store(
           ^^^^^^
  File "/home/x-ohouck/aiw_env/lib/python3.11/site-packages/dask/array/core.py", line 1257, in store
    compute_as_if_collection(Array, store_dsk, map_keys, **kwargs)
  File "/home/x-ohouck/aiw_env/lib/python3.11/site-packages/dask/base.py", line 399, in compute_as_if_collection
    return schedule(dsk2, keys, **kwargs)
           ^^^^^^^^^^^^^^^^^^^^^^^^^^^^^^
  File "/home/x-ohouck/aiw_env/lib/python3.11/site-packages/dask/threaded.py", line 91, in get
    results = get_async(
              ^^^^^^^^^^
  File "/home/x-ohouck/aiw_env/lib/python3.11/site-packages/dask/local.py", line 516, in get_async
    raise_exception(exc, tb)
  File "/home/x-ohouck/aiw_env/lib/python3.11/site-packages/dask/local.py", line 324, in reraise
    raise exc
  File "/home/x-ohouck/aiw_env/lib/python3.11/site-packages/dask/local.py", line 229, in execute_task
    result = task(data)
             ^^^^^^^^^^
  File "/home/x-ohouck/aiw_env/lib/python3.11/site-packages/dask/_task_spec.py", line 741, in __call__
    return self.func(*new_argspec)
           ^^^^^^^^^^^^^^^^^^^^^^^
  File "/home/x-ohouck/aiw_env/lib/python3.11/site-packages/dask/_task_spec.py", line 203, in _execute_subgraph
    res = execute_graph(final, keys=[outkey])
          ^^^^^^^^^^^^^^^^^^^^^^^^^^^^^^^^^^^
  File "/home/x-ohouck/aiw_env/lib/python3.11/site-packages/dask/_task_spec.py", line 987, in execute_graph
    cache[key] = node(cache)
                 ^^^^^^^^^^^
  File "/home/x-ohouck/aiw_env/lib/python3.11/site-packages/dask/_task_spec.py", line 741, in __call__
    return self.func(*new_argspec)
           ^^^^^^^^^^^^^^^^^^^^^^^
  File "/home/x-ohouck/aiw_env/lib/python3.11/site-packages/dask/_task_spec.py", line 203, in _execute_subgraph
    res = execute_graph(final, keys=[outkey])
          ^^^^^^^^^^^^^^^^^^^^^^^^^^^^^^^^^^^
  File "/home/x-ohouck/aiw_env/lib/python3.11/site-packages/dask/_task_spec.py", line 987, in execute_graph
    cache[key] = node(cache)
                 ^^^^^^^^^^^
  File "/home/x-ohouck/aiw_env/lib/python3.11/site-packages/dask/_task_spec.py", line 741, in __call__
    return self.func(*new_argspec)
           ^^^^^^^^^^^^^^^^^^^^^^^
  File "/home/x-ohouck/aiw_env/lib/python3.11/site-packages/dask/array/core.py", line 133, in getter
    c = np.asarray(c)
        ^^^^^^^^^^^^^
  File "/home/x-ohouck/aiw_env/lib/python3.11/site-packages/xarray/core/indexing.py", line 577, in __array__
    return np.asarray(self.get_duck_array(), dtype=dtype)
                      ^^^^^^^^^^^^^^^^^^^^^
  File "/home/x-ohouck/aiw_env/lib/python3.11/site-packages/xarray/core/indexing.py", line 580, in get_duck_array
    return self.array.get_duck_array()
           ^^^^^^^^^^^^^^^^^^^^^^^^^^^
  File "/home/x-ohouck/aiw_env/lib/python3.11/site-packages/xarray/core/indexing.py", line 799, in get_duck_array
    return self.array.get_duck_array()
           ^^^^^^^^^^^^^^^^^^^^^^^^^^^
  File "/home/x-ohouck/aiw_env/lib/python3.11/site-packages/xarray/core/indexing.py", line 654, in get_duck_array
    array = self.array[self.key]
            ~~~~~~~~~~^^^^^^^^^^
  File "/home/x-ohouck/aiw_env/lib/python3.11/site-packages/xarray/backends/netCDF4_.py", line 103, in __getitem__
    return indexing.explicit_indexing_adapter(
           ^^^^^^^^^^^^^^^^^^^^^^^^^^^^^^^^^^^
  File "/home/x-ohouck/aiw_env/lib/python3.11/site-packages/xarray/core/indexing.py", line 1023, in explicit_indexing_adapter
    result = raw_indexing_method(raw_key.tuple)
             ^^^^^^^^^^^^^^^^^^^^^^^^^^^^^^^^^^
  File "/home/x-ohouck/aiw_env/lib/python3.11/site-packages/xarray/backends/netCDF4_.py", line 116, in _getitem
    array = getitem(original_array, key)
            ^^^^^^^^^^^^^^^^^^^^^^^^^^^^
  File "src/netCDF4/_netCDF4.pyx", line 4981, in netCDF4._netCDF4.Variable.__getitem__
  File "src/netCDF4/_netCDF4.pyx", line 5953, in netCDF4._netCDF4.Variable._get
  File "src/netCDF4/_netCDF4.pyx", line 2113, in netCDF4._netCDF4._ensure_nc_success
RuntimeError: NetCDF: HDF error
Traceback (most recent call last):
  File "/anvil/projects/x-atm170020/ohouck/ai_weather_ag/weatherbenchx/combine_and_subset.py", line 894, in <module>
    main(use_dask_client=args.use_dask_client, 
    ^^^^^^^^^^^^^^^^^^^^^^^^^^^^^^^^^^^^^^^^^^
  File "/anvil/projects/x-atm170020/ohouck/ai_weather_ag/weatherbenchx/combine_and_subset.py", line 850, in main
    save_run_info(regions_processed, start_time, end_time)
    ^^^^^^^^^^^^^
NameError: name 'save_run_info' is not defined
/var/spool/slurm/job12454603/slurm_script: line 59: 4092325 Terminated              monitor_progress
