2025-06-23 18:19:14,659 - __main__ - INFO - Setting up anonymous access...
2025-06-23 18:19:14,799 - __main__ - INFO - Successfully patched gcsfs for anonymous access
2025-06-23 18:19:14,799 - __main__ - INFO - 
==================================================
2025-06-23 18:19:14,799 - __main__ - INFO - Running diagnostic tests...
2025-06-23 18:19:14,799 - __main__ - INFO - ==================================================
2025-06-23 18:19:14,799 - __main__ - INFO - Running target loading diagnostic test...
2025-06-23 18:19:14,799 - __main__ - INFO - Creating target data loader...
/home/x-ohouck/aiw_env/lib/python3.11/site-packages/gcsfs/core.py:317: UserWarning: GCS project not set - cannot list or create buckets
  warnings.warn("GCS project not set - cannot list or create buckets")
2025-06-23 18:19:20,385 - __main__ - INFO - Attempting to load target data for time: 2018-01-02T12:00:00.000000000
2025-06-23 18:19:21,352 - __main__ - INFO - Success! Target data shape: {'latitude': 721, 'longitude': 1440, 'valid_time': 1}
2025-06-23 18:19:21,352 - __main__ - INFO - Target variables: ['2m_temperature']
2025-06-23 18:19:26,595 - __main__ - INFO - 
==================================================
2025-06-23 18:19:26,595 - __main__ - INFO - Processing 2018-01
2025-06-23 18:19:26,595 - __main__ - INFO - ==================================================
2025-06-23 18:19:26,598 - __main__ - INFO - Created 5 chunks for 2018-01
/home/x-ohouck/aiw_env/lib/python3.11/site-packages/gcsfs/core.py:317: UserWarning: GCS project not set - cannot list or create buckets
  warnings.warn("GCS project not set - cannot list or create buckets")
2025-06-23 18:19:31,166 - apache_beam.runners.portability.fn_api_runner.worker_handlers - INFO - starting control server on port 34335
2025-06-23 18:19:31,167 - apache_beam.runners.portability.fn_api_runner.worker_handlers - INFO - starting data server on port 44443
2025-06-23 18:19:31,167 - apache_beam.runners.portability.fn_api_runner.worker_handlers - INFO - starting state server on port 43317
2025-06-23 18:19:31,167 - apache_beam.runners.portability.fn_api_runner.worker_handlers - INFO - starting logging server on port 44325
2025-06-23 18:19:31,171 - apache_beam.runners.worker.statecache - INFO - Creating state cache with size 104857600
2025-06-23 18:19:31,171 - apache_beam.runners.worker.sdk_worker - INFO - Creating insecure control channel for localhost:34335.
2025-06-23 18:19:31,175 - apache_beam.runners.worker.sdk_worker - INFO - Control channel established.
2025-06-23 18:19:31,175 - apache_beam.runners.worker.sdk_worker - INFO - Initializing SDKHarness with unbounded number of workers.
2025-06-23 18:19:31,176 - apache_beam.runners.worker.statecache - INFO - Creating state cache with size 104857600
2025-06-23 18:19:31,176 - apache_beam.runners.worker.sdk_worker - INFO - Creating insecure control channel for localhost:34335.
2025-06-23 18:19:31,177 - apache_beam.runners.worker.sdk_worker - INFO - Control channel established.
2025-06-23 18:19:31,178 - apache_beam.runners.worker.sdk_worker - INFO - Initializing SDKHarness with unbounded number of workers.
2025-06-23 18:19:31,178 - apache_beam.runners.worker.statecache - INFO - Creating state cache with size 104857600
2025-06-23 18:19:31,178 - apache_beam.runners.worker.sdk_worker - INFO - Creating insecure control channel for localhost:34335.
2025-06-23 18:19:31,180 - apache_beam.runners.worker.sdk_worker - INFO - Control channel established.
2025-06-23 18:19:31,180 - apache_beam.runners.worker.sdk_worker - INFO - Initializing SDKHarness with unbounded number of workers.
2025-06-23 18:19:31,180 - apache_beam.runners.worker.statecache - INFO - Creating state cache with size 104857600
2025-06-23 18:19:31,180 - apache_beam.runners.worker.sdk_worker - INFO - Creating insecure control channel for localhost:34335.
2025-06-23 18:19:31,182 - apache_beam.runners.worker.sdk_worker - INFO - Control channel established.
2025-06-23 18:19:31,182 - apache_beam.runners.worker.sdk_worker - INFO - Initializing SDKHarness with unbounded number of workers.
2025-06-23 18:19:31,192 - apache_beam.runners.worker.sdk_worker - INFO - Creating insecure state channel for localhost:43317.
2025-06-23 18:19:31,193 - apache_beam.runners.worker.sdk_worker - INFO - State channel established.
2025-06-23 18:19:31,193 - apache_beam.runners.worker.sdk_worker - INFO - Creating insecure state channel for localhost:43317.
2025-06-23 18:19:31,193 - apache_beam.runners.worker.sdk_worker - INFO - State channel established.
2025-06-23 18:19:31,194 - apache_beam.runners.worker.sdk_worker - INFO - Creating insecure state channel for localhost:43317.
2025-06-23 18:19:31,194 - apache_beam.runners.worker.sdk_worker - INFO - State channel established.
2025-06-23 18:19:31,195 - apache_beam.runners.worker.sdk_worker - INFO - Creating insecure state channel for localhost:43317.
2025-06-23 18:19:31,196 - apache_beam.runners.worker.sdk_worker - INFO - State channel established.
2025-06-23 18:19:31,196 - apache_beam.runners.worker.data_plane - INFO - Creating client data channel for localhost:44443
2025-06-23 18:19:31,197 - apache_beam.runners.worker.data_plane - INFO - Creating client data channel for localhost:44443
2025-06-23 18:19:31,199 - apache_beam.runners.worker.data_plane - INFO - Creating client data channel for localhost:44443
2025-06-23 18:19:31,199 - apache_beam.runners.worker.data_plane - INFO - Creating client data channel for localhost:44443
/home/x-ohouck/aiw_env/lib/python3.11/site-packages/gcsfs/core.py:317: UserWarning: GCS project not set - cannot list or create buckets
  warnings.warn("GCS project not set - cannot list or create buckets")
2025-06-23 18:19:37,081 - __main__ - INFO - Successfully patched gcsfs for anonymous access
2025-06-23 18:19:37,255 - __main__ - INFO - Successfully patched gcsfs for anonymous access
2025-06-23 18:19:37,451 - __main__ - INFO - Successfully patched gcsfs for anonymous access
2025-06-23 18:19:37,612 - __main__ - INFO - Successfully patched gcsfs for anonymous access
2025-06-23 18:19:37,641 - __main__ - INFO - Loading predictions for chunk 2018-01-15_2018-01-21
2025-06-23 18:19:37,641 - __main__ - INFO - Loading predictions for chunk 2018-01-22_2018-01-28
2025-06-23 18:19:37,642 - __main__ - INFO - Loading predictions for chunk 2018-01-01_2018-01-07
2025-06-23 18:19:37,732 - __main__ - INFO - Loading predictions for chunk 2018-01-08_2018-01-14
2025-06-23 18:19:47,100 - __main__ - INFO - Loaded prediction data with shape: {'latitude': 721, 'longitude': 1440, 'lead_time': 7, 'init_time': 7}
2025-06-23 18:19:47,584 - __main__ - INFO - Loaded prediction data with shape: {'latitude': 721, 'longitude': 1440, 'lead_time': 7, 'init_time': 7}
2025-06-23 18:19:47,622 - __main__ - INFO - Loaded prediction data with shape: {'latitude': 721, 'longitude': 1440, 'lead_time': 7, 'init_time': 7}
