Script started on 2025-06-18 18:58:14-04:00
INFO:__main__:Setting up anonymous access...
INFO:__main__:Successfully patched gcsfs for anonymous access
INFO:__main__:Running authentication and data access test...
INFO:__main__:Running single chunk test...
INFO:__main__:Creating data loaders...
/home/x-ohouck/aiw_env/lib/python3.11/site-packages/gcsfs/core.py:317: UserWarning: GCS project not set - cannot list or create buckets
  warnings.warn("GCS project not set - cannot list or create buckets")
INFO:__main__:Loading prediction data...
/anvil/projects/x-atm170020/ohouck/ai_weather_ag/weatherbenchx/custom_weatherbench_download.py:334: FutureWarning: The return type of `Dataset.dims` will be changed to return a set of dimension names in future, in order to be more consistent with `DataArray.dims`. To access a mapping from dimension names to lengths, please use `Dataset.sizes`.
  logger.info(f"Prediction data shape: {dict(pred_data.dims)}")
INFO:__main__:Prediction data shape: {'latitude': 721, 'longitude': 1440, 'lead_time': 1, 'init_time': 1}
INFO:__main__:Loading target data...
/anvil/projects/x-atm170020/ohouck/ai_weather_ag/weatherbenchx/custom_weatherbench_download.py:341: FutureWarning: The return type of `Dataset.dims` will be changed to return a set of dimension names in future, in order to be more consistent with `DataArray.dims`. To access a mapping from dimension names to lengths, please use `Dataset.sizes`.
  logger.info(f"Target data shape: {dict(target_data.dims)}")
INFO:__main__:Target data shape: {'latitude': 721, 'longitude': 1440, 'valid_time': 1}
INFO:__main__:Test successful! Data saved to /anvil/projects/x-atm170020/ohouck/data/raw/pangu2018_raw_data
INFO:__main__:Test successful! Proceeding with full pipeline...
INFO:__main__:Starting full data download pipeline...
INFO:__main__:Setting up anonymous access for public GCS buckets...
INFO:__main__:Successfully patched gcsfs for anonymous access
INFO:__main__:Created 364 chunks for processing
/home/x-ohouck/aiw_env/lib/python3.11/site-packages/gcsfs/core.py:317: UserWarning: GCS project not set - cannot list or create buckets
  warnings.warn("GCS project not set - cannot list or create buckets")
WARNING:apache_beam.runners.portability.fn_api_runner.fn_runner:If direct_num_workers is not equal to 1, direct_running_mode should be `multi_processing` or `multi_threading` instead of `in_memory` in order for it to have the desired worker parallelism effect. direct_num_workers: 16 ; running_mode: in_memory
INFO:apache_beam.runners.worker.statecache:Creating state cache with size 104857600
INFO:apache_beam.runners.worker.statecache:Creating state cache with size 104857600
INFO:apache_beam.runners.worker.statecache:Creating state cache with size 104857600
INFO:apache_beam.runners.worker.statecache:Creating state cache with size 104857600
INFO:apache_beam.runners.worker.statecache:Creating state cache with size 104857600
INFO:apache_beam.runners.worker.statecache:Creating state cache with size 104857600
INFO:apache_beam.runners.worker.statecache:Creating state cache with size 104857600
INFO:apache_beam.runners.worker.statecache:Creating state cache with size 104857600
INFO:apache_beam.runners.worker.statecache:Creating state cache with size 104857600
INFO:apache_beam.runners.worker.statecache:Creating state cache with size 104857600
INFO:apache_beam.runners.worker.statecache:Creating state cache with size 104857600
INFO:apache_beam.runners.worker.statecache:Creating state cache with size 104857600
INFO:apache_beam.runners.worker.statecache:Creating state cache with size 104857600
INFO:apache_beam.runners.worker.statecache:Creating state cache with size 104857600
INFO:apache_beam.runners.worker.statecache:Creating state cache with size 104857600
INFO:apache_beam.runners.worker.statecache:Creating state cache with size 104857600
/home/x-ohouck/aiw_env/lib/python3.11/site-packages/gcsfs/core.py:317: UserWarning: GCS project not set - cannot list or create buckets
  warnings.warn("GCS project not set - cannot list or create buckets")
INFO:__main__:Successfully patched gcsfs for anonymous access
INFO:__main__:Successfully patched gcsfs for anonymous access
INFO:__main__:Successfully patched gcsfs for anonymous access
INFO:__main__:Successfully patched gcsfs for anonymous access
INFO:__main__:Successfully patched gcsfs for anonymous access
INFO:__main__:Successfully patched gcsfs for anonymous access
INFO:__main__:Successfully patched gcsfs for anonymous access
INFO:__main__:Successfully patched gcsfs for anonymous access
INFO:__main__:Successfully patched gcsfs for anonymous access
INFO:__main__:Successfully patched gcsfs for anonymous access
INFO:__main__:Successfully patched gcsfs for anonymous access
INFO:__main__:Successfully patched gcsfs for anonymous access
INFO:__main__:Successfully patched gcsfs for anonymous access
INFO:__main__:Successfully patched gcsfs for anonymous access
INFO:__main__:Successfully patched gcsfs for anonymous access
INFO:__main__:Successfully patched gcsfs for anonymous access
INFO:__main__:Loading predictions for init times: 2018-01-03T12:00:00.000000000 to 2018-01-03T12:00:00.000000000
INFO:__main__:Loading predictions for init times: 2018-01-01T12:00:00.000000000 to 2018-01-01T12:00:00.000000000
INFO:__main__:Loading predictions for init times: 2018-01-11T12:00:00.000000000 to 2018-01-11T12:00:00.000000000
INFO:__main__:Loading predictions for init times: 2018-01-16T12:00:00.000000000 to 2018-01-16T12:00:00.000000000
INFO:__main__:Loading predictions for init times: 2018-01-02T12:00:00.000000000 to 2018-01-02T12:00:00.000000000
INFO:__main__:Loading predictions for init times: 2018-01-14T12:00:00.000000000 to 2018-01-14T12:00:00.000000000
INFO:__main__:Loading predictions for init times: 2018-01-07T12:00:00.000000000 to 2018-01-07T12:00:00.000000000
INFO:__main__:Loading predictions for init times: 2018-01-10T12:00:00.000000000 to 2018-01-10T12:00:00.000000000
INFO:__main__:Loading predictions for init times: 2018-01-09T12:00:00.000000000 to 2018-01-09T12:00:00.000000000
INFO:__main__:Loading predictions for init times: 2018-01-15T12:00:00.000000000 to 2018-01-15T12:00:00.000000000
INFO:__main__:Loading predictions for init times: 2018-01-13T12:00:00.000000000 to 2018-01-13T12:00:00.000000000
INFO:__main__:Loading predictions for init times: 2018-01-08T12:00:00.000000000 to 2018-01-08T12:00:00.000000000
INFO:__main__:Loading predictions for init times: 2018-01-04T12:00:00.000000000 to 2018-01-04T12:00:00.000000000
INFO:__main__:Loading predictions for init times: 2018-01-12T12:00:00.000000000 to 2018-01-12T12:00:00.000000000
INFO:__main__:Loading predictions for init times: 2018-01-05T12:00:00.000000000 to 2018-01-05T12:00:00.000000000
INFO:__main__:Loading predictions for init times: 2018-01-06T12:00:00.000000000 to 2018-01-06T12:00:00.000000000
INFO:__main__:Saving predictions to: /anvil/projects/x-atm170020/ohouck/data/raw/pangu2018_raw_data/predictions_2018-01-01_2018-01-01.nc
INFO:__main__:Saving predictions to: /anvil/projects/x-atm170020/ohouck/data/raw/pangu2018_raw_data/predictions_2018-01-16_2018-01-16.nc
INFO:__main__:Saving predictions to: /anvil/projects/x-atm170020/ohouck/data/raw/pangu2018_raw_data/predictions_2018-01-11_2018-01-11.nc
INFO:__main__:Saving predictions to: /anvil/projects/x-atm170020/ohouck/data/raw/pangu2018_raw_data/predictions_2018-01-06_2018-01-06.nc
INFO:__main__:Saving predictions to: /anvil/projects/x-atm170020/ohouck/data/raw/pangu2018_raw_data/predictions_2018-01-14_2018-01-14.nc
INFO:__main__:Saving predictions to: /anvil/projects/x-atm170020/ohouck/data/raw/pangu2018_raw_data/predictions_2018-01-07_2018-01-07.nc
INFO:__main__:Saving predictions to: /anvil/projects/x-atm170020/ohouck/data/raw/pangu2018_raw_data/predictions_2018-01-03_2018-01-03.nc
INFO:__main__:Saving predictions to: /anvil/projects/x-atm170020/ohouck/data/raw/pangu2018_raw_data/predictions_2018-01-09_2018-01-09.nc
INFO:__main__:Saving predictions to: /anvil/projects/x-atm170020/ohouck/data/raw/pangu2018_raw_data/predictions_2018-01-05_2018-01-05.nc
INFO:__main__:Saving predictions to: /anvil/projects/x-atm170020/ohouck/data/raw/pangu2018_raw_data/predictions_2018-01-08_2018-01-08.nc
INFO:__main__:Saving predictions to: /anvil/projects/x-atm170020/ohouck/data/raw/pangu2018_raw_data/predictions_2018-01-10_2018-01-10.nc
INFO:__main__:Saving predictions to: /anvil/projects/x-atm170020/ohouck/data/raw/pangu2018_raw_data/predictions_2018-01-15_2018-01-15.nc
INFO:__main__:Saving predictions to: /anvil/projects/x-atm170020/ohouck/data/raw/pangu2018_raw_data/predictions_2018-01-04_2018-01-04.nc

Script done on 2025-06-18 18:59:18-04:00
